2024-10-24 16:46:58,432 - instance_runner - INFO - parser domain and problem
2024-10-24 16:46:58,432 - instance_runner - INFO - new_syntax/grapevine/domain.pddl
2024-10-24 16:46:58,432 - instance_runner - INFO - new_syntax/grapevine/problem10_8ag_4g_2d.pddl
2024-10-24 16:46:58,432 - pddl_parser - INFO - Reading domain file
2024-10-24 16:46:58,432 - pddl_parser - INFO - new_syntax/grapevine/domain.pddl
2024-10-24 16:46:58,433 - pddl_parser - INFO - Parsing domain file
2024-10-24 16:46:58,434 - pddl_parser - INFO - Reading problem file
2024-10-24 16:46:58,434 - pddl_parser - INFO - new_syntax/grapevine/problem10_8ag_4g_2d.pddl
2024-10-24 16:46:58,436 - pddl_parser - INFO - Parsing problem file
2024-10-24 16:46:58,438 - instance_runner - INFO - loading external function: new_syntax/grapevine/grapevine.py
2024-10-24 16:46:58,438 - instance_runner - INFO - finish loading external function
2024-10-24 16:46:58,438 - instance_runner - INFO - Initialize problem
2024-10-24 16:46:58,438 - epistemic_model - INFO - initialize epistemic model
2024-10-24 16:46:58,438 - instance_runner - INFO - starting search
2024-10-24 16:46:58,439 - greedy - INFO - starting searching using [greedy]
2024-10-24 16:52:54,855 - greedy - INFO - Problem cannot be solved in the given memory (8192MB).
2024-10-24 16:52:54,863 - greedy - INFO - [number of node pruned_by_unknown]: 0
2024-10-24 16:52:54,864 - greedy - INFO - [number of node pruned_by_visited]: 1908
2024-10-24 16:52:54,864 - greedy - INFO - [number of node pruned]: 1908
2024-10-24 16:52:54,864 - greedy - INFO - [number of node goal_checked]: 26207
2024-10-24 16:52:54,864 - greedy - INFO - [number of node expansion]: 2337
2024-10-24 16:52:54,864 - greedy - INFO - [number of node generated]: 26207
2024-10-24 16:52:54,864 - greedy - INFO - [number of epistemic formulas evaluation: 36056]
2024-10-24 16:52:54,864 - greedy - INFO - [time in epistemic formulas evaluation: 0:05:08.996871]
2024-10-24 16:52:54,865 - greedy - INFO - [avg time in epistemic formulas evaluation: 8.569915437097848]
2024-10-24 16:52:54,865 - greedy - INFO - [total_goal_size: 4]
2024-10-24 16:52:54,865 - greedy - INFO - [ontic_goal_size: 0]
2024-10-24 16:52:54,865 - greedy - INFO - [epistemic_goal_size: 4]
2024-10-24 16:52:54,865 - greedy - INFO - [ontic_goals: []]
2024-10-24 16:52:54,865 - greedy - INFO - [epistemic_goals: ['(= (@ep ("+ b [b] + b [c]") (= (shared_value as) \'f\')) ep.true)', '(= (@ep ("+ b [c]") (= (shared_value as) \'t\')) ep.true)', '(= (@ep ("+ b [d] + b [c]") (= (shared_value as) \'t\')) ep.true)', '(= (@ep ("+ b [b]") (= (shared_value as) \'t\')) ep.true)']]
2024-10-24 16:52:54,866 - greedy - INFO - [goals: ['(= (@ep ("+ b [b] + b [c]") (= (shared_value as) \'f\')) ep.true)', '(= (@ep ("+ b [c]") (= (shared_value as) \'t\')) ep.true)', '(= (@ep ("+ b [d] + b [c]") (= (shared_value as) \'t\')) ep.true)', '(= (@ep ("+ b [b]") (= (shared_value as) \'t\')) ep.true)']]
2024-10-24 16:52:54,866 - greedy - INFO - [epistemic_call_time_max: 7116.204]
2024-10-24 16:52:54,866 - greedy - INFO - [functions: 105]
2024-10-24 16:52:54,866 - greedy - INFO - [number of common perspective generated]: 0
2024-10-24 16:52:54,866 - greedy - INFO - [number of all iterations used when generating common perspectives]: 0
2024-10-24 16:52:54,867 - greedy - INFO - [number of max iterations used when generating common perspectives]: 0
2024-10-24 16:52:54,867 - greedy - INFO - [number of average iterations used when generating common perspectives]: 0
2024-10-24 16:52:54,867 - greedy - INFO - [number of averaged unfiltered branching factors]: 11.2135216089003
2024-10-24 16:52:54,867 - greedy - INFO - [number of max unfiltered branching factors]: 45
2024-10-24 16:52:58,144 - instance_runner - INFO - initialization time: 0:00:00.006485
2024-10-24 16:52:58,146 - instance_runner - INFO - search time: 0:05:59.703703
