2024-10-24 16:53:29,012 - instance_runner - INFO - parser domain and problem
2024-10-24 16:53:29,012 - instance_runner - INFO - new_syntax/grapevine/domain.pddl
2024-10-24 16:53:29,012 - instance_runner - INFO - new_syntax/grapevine/problem12_8ag_8g_2d.pddl
2024-10-24 16:53:29,012 - pddl_parser - INFO - Reading domain file
2024-10-24 16:53:29,012 - pddl_parser - INFO - new_syntax/grapevine/domain.pddl
2024-10-24 16:53:29,014 - pddl_parser - INFO - Parsing domain file
2024-10-24 16:53:29,016 - pddl_parser - INFO - Reading problem file
2024-10-24 16:53:29,016 - pddl_parser - INFO - new_syntax/grapevine/problem12_8ag_8g_2d.pddl
2024-10-24 16:53:29,027 - pddl_parser - INFO - Parsing problem file
2024-10-24 16:53:29,032 - instance_runner - INFO - loading external function: new_syntax/grapevine/grapevine.py
2024-10-24 16:53:29,032 - instance_runner - INFO - finish loading external function
2024-10-24 16:53:29,032 - instance_runner - INFO - Initialize problem
2024-10-24 16:53:29,032 - epistemic_model - INFO - initialize epistemic model
2024-10-24 16:53:29,032 - instance_runner - INFO - starting search
2024-10-24 16:53:29,033 - greedy - INFO - starting searching using [greedy]
2024-10-24 16:59:59,813 - greedy - INFO - Problem cannot be solved in the given memory (8192MB).
2024-10-24 16:59:59,813 - greedy - INFO - [number of node pruned_by_unknown]: 0
2024-10-24 16:59:59,813 - greedy - INFO - [number of node pruned_by_visited]: 521
2024-10-24 16:59:59,813 - greedy - INFO - [number of node pruned]: 521
2024-10-24 16:59:59,813 - greedy - INFO - [number of node goal_checked]: 7249
2024-10-24 16:59:59,813 - greedy - INFO - [number of node expansion]: 524
2024-10-24 16:59:59,813 - greedy - INFO - [number of node generated]: 7249
2024-10-24 16:59:59,813 - greedy - INFO - [number of epistemic formulas evaluation: 11243]
2024-10-24 16:59:59,813 - greedy - INFO - [time in epistemic formulas evaluation: 0:06:11.110428]
2024-10-24 16:59:59,814 - greedy - INFO - [avg time in epistemic formulas evaluation: 33.00813199324024]
2024-10-24 16:59:59,814 - greedy - INFO - [total_goal_size: 8]
2024-10-24 16:59:59,814 - greedy - INFO - [ontic_goal_size: 0]
2024-10-24 16:59:59,814 - greedy - INFO - [epistemic_goal_size: 8]
2024-10-24 16:59:59,814 - greedy - INFO - [ontic_goals: []]
2024-10-24 16:59:59,814 - greedy - INFO - [epistemic_goals: ['(= (@ep ("+ b [a] + b [d]") (= (shared_value as) \'f\')) ep.true)', '(= (@ep ("+ b [d]") (= (shared_value as) \'t\')) ep.true)', '(= (@ep ("+ b [b] + b [c]") (= (shared_value ds) \'f\')) ep.true)', '(= (@ep ("+ b [c]") (= (shared_value ds) \'t\')) ep.true)', '(= (@ep ("+ b [c] + b [b]") (= (shared_value cs) \'f\')) ep.true)', '(= (@ep ("+ b [b]") (= (shared_value cs) \'t\')) ep.true)', '(= (@ep ("+ b [d] + b [a]") (= (shared_value bs) \'f\')) ep.true)', '(= (@ep ("+ b [a]") (= (shared_value bs) \'t\')) ep.true)']]
2024-10-24 16:59:59,814 - greedy - INFO - [goals: ['(= (@ep ("+ b [a] + b [d]") (= (shared_value as) \'f\')) ep.true)', '(= (@ep ("+ b [d]") (= (shared_value as) \'t\')) ep.true)', '(= (@ep ("+ b [b] + b [c]") (= (shared_value ds) \'f\')) ep.true)', '(= (@ep ("+ b [c]") (= (shared_value ds) \'t\')) ep.true)', '(= (@ep ("+ b [c] + b [b]") (= (shared_value cs) \'f\')) ep.true)', '(= (@ep ("+ b [b]") (= (shared_value cs) \'t\')) ep.true)', '(= (@ep ("+ b [d] + b [a]") (= (shared_value bs) \'f\')) ep.true)', '(= (@ep ("+ b [a]") (= (shared_value bs) \'t\')) ep.true)']]
2024-10-24 16:59:59,814 - greedy - INFO - [epistemic_call_time_max: 6241.647999999999]
2024-10-24 16:59:59,814 - greedy - INFO - [functions: 105]
2024-10-24 16:59:59,814 - greedy - INFO - [number of common perspective generated]: 0
2024-10-24 16:59:59,814 - greedy - INFO - [number of all iterations used when generating common perspectives]: 0
2024-10-24 16:59:59,814 - greedy - INFO - [number of max iterations used when generating common perspectives]: 0
2024-10-24 16:59:59,814 - greedy - INFO - [number of average iterations used when generating common perspectives]: 0
2024-10-24 16:59:59,814 - greedy - INFO - [number of averaged unfiltered branching factors]: 13.83206106870229
2024-10-24 16:59:59,814 - greedy - INFO - [number of max unfiltered branching factors]: 58
2024-10-24 17:00:01,874 - instance_runner - INFO - initialization time: 0:00:00.020859
2024-10-24 17:00:01,875 - instance_runner - INFO - search time: 0:06:32.841004
