2024-10-24 16:46:56,002 - instance_runner - INFO - parser domain and problem
2024-10-24 16:46:56,002 - instance_runner - INFO - new_syntax/grapevine/domain.pddl
2024-10-24 16:46:56,002 - instance_runner - INFO - new_syntax/grapevine/problem08_8ag_2g_2d.pddl
2024-10-24 16:46:56,002 - pddl_parser - INFO - Reading domain file
2024-10-24 16:46:56,003 - pddl_parser - INFO - new_syntax/grapevine/domain.pddl
2024-10-24 16:46:56,004 - pddl_parser - INFO - Parsing domain file
2024-10-24 16:46:56,005 - pddl_parser - INFO - Reading problem file
2024-10-24 16:46:56,005 - pddl_parser - INFO - new_syntax/grapevine/problem08_8ag_2g_2d.pddl
2024-10-24 16:46:56,008 - pddl_parser - INFO - Parsing problem file
2024-10-24 16:46:56,145 - instance_runner - INFO - loading external function: new_syntax/grapevine/grapevine.py
2024-10-24 16:46:56,146 - instance_runner - INFO - finish loading external function
2024-10-24 16:46:56,147 - instance_runner - INFO - Initialize problem
2024-10-24 16:46:56,148 - epistemic_model - INFO - initialize epistemic model
2024-10-24 16:46:56,148 - instance_runner - INFO - starting search
2024-10-24 16:46:56,148 - greedy - INFO - starting searching using [greedy]
2024-10-24 16:46:57,815 - greedy - INFO - plan is: ['lying_own_secret a as', 'quiet as', 'lying_own_secret d ds', 'quiet ds', 'move_right b', 'sharing_own_secret d ds', 'quiet ds', 'move_right a', 'sharing_own_secret a as']
2024-10-24 16:46:57,815 - greedy - INFO - Goal found
2024-10-24 16:46:57,815 - greedy - INFO - [number of node pruned_by_unknown]: 0
2024-10-24 16:46:57,816 - greedy - INFO - [number of node pruned_by_visited]: 1
2024-10-24 16:46:57,816 - greedy - INFO - [number of node pruned]: 1
2024-10-24 16:46:57,816 - greedy - INFO - [number of node goal_checked]: 343
2024-10-24 16:46:57,816 - greedy - INFO - [number of node expansion]: 30
2024-10-24 16:46:57,816 - greedy - INFO - [number of node generated]: 343
2024-10-24 16:46:57,816 - greedy - INFO - [number of epistemic formulas evaluation: 457]
2024-10-24 16:46:57,816 - greedy - INFO - [time in epistemic formulas evaluation: 0:00:01.492302]
2024-10-24 16:46:57,816 - greedy - INFO - [avg time in epistemic formulas evaluation: 3.2654310722100655]
2024-10-24 16:46:57,816 - greedy - INFO - [total_goal_size: 4]
2024-10-24 16:46:57,816 - greedy - INFO - [ontic_goal_size: 0]
2024-10-24 16:46:57,816 - greedy - INFO - [epistemic_goal_size: 4]
2024-10-24 16:46:57,816 - greedy - INFO - [ontic_goals: []]
2024-10-24 16:46:57,816 - greedy - INFO - [epistemic_goals: ['(= (@ep ("+ b [c]") (= (shared_value as) \'f\')) ep.true)', '(= (@ep ("+ b [c]") (= (shared_value ds) \'t\')) ep.true)', '(= (@ep ("+ b [b]") (= (shared_value ds) \'f\')) ep.true)', '(= (@ep ("+ b [b]") (= (shared_value as) \'t\')) ep.true)']]
2024-10-24 16:46:57,816 - greedy - INFO - [goals: ['(= (@ep ("+ b [c]") (= (shared_value as) \'f\')) ep.true)', '(= (@ep ("+ b [c]") (= (shared_value ds) \'t\')) ep.true)', '(= (@ep ("+ b [b]") (= (shared_value ds) \'f\')) ep.true)', '(= (@ep ("+ b [b]") (= (shared_value as) \'t\')) ep.true)']]
2024-10-24 16:46:57,816 - greedy - INFO - [epistemic_call_time_max: 22.087]
2024-10-24 16:46:57,816 - greedy - INFO - [functions: 105]
2024-10-24 16:46:57,816 - greedy - INFO - [number of common perspective generated]: 0
2024-10-24 16:46:57,816 - greedy - INFO - [number of all iterations used when generating common perspectives]: 0
2024-10-24 16:46:57,816 - greedy - INFO - [number of max iterations used when generating common perspectives]: 0
2024-10-24 16:46:57,817 - greedy - INFO - [number of average iterations used when generating common perspectives]: 0
2024-10-24 16:46:57,817 - greedy - INFO - [number of averaged unfiltered branching factors]: 11.4
2024-10-24 16:46:57,817 - greedy - INFO - [number of max unfiltered branching factors]: 38
2024-10-24 16:46:57,827 - instance_runner - INFO - initialization time: 0:00:00.146162
2024-10-24 16:46:57,827 - instance_runner - INFO - search time: 0:00:01.678745
