2024-10-24 16:46:57,833 - instance_runner - INFO - parser domain and problem
2024-10-24 16:46:57,833 - instance_runner - INFO - new_syntax/grapevine/domain.pddl
2024-10-24 16:46:57,834 - instance_runner - INFO - new_syntax/grapevine/problem09_8ag_4g_1d.pddl
2024-10-24 16:46:57,834 - pddl_parser - INFO - Reading domain file
2024-10-24 16:46:57,834 - pddl_parser - INFO - new_syntax/grapevine/domain.pddl
2024-10-24 16:46:57,834 - pddl_parser - INFO - Parsing domain file
2024-10-24 16:46:57,835 - pddl_parser - INFO - Reading problem file
2024-10-24 16:46:57,835 - pddl_parser - INFO - new_syntax/grapevine/problem09_8ag_4g_1d.pddl
2024-10-24 16:46:57,837 - pddl_parser - INFO - Parsing problem file
2024-10-24 16:46:57,838 - instance_runner - INFO - loading external function: new_syntax/grapevine/grapevine.py
2024-10-24 16:46:57,838 - instance_runner - INFO - finish loading external function
2024-10-24 16:46:57,838 - instance_runner - INFO - Initialize problem
2024-10-24 16:46:57,839 - epistemic_model - INFO - initialize epistemic model
2024-10-24 16:46:57,839 - instance_runner - INFO - starting search
2024-10-24 16:46:57,839 - greedy - INFO - starting searching using [greedy]
2024-10-24 16:46:58,416 - greedy - INFO - plan is: ['lying_own_secret a as', 'quiet as', 'move_right c', 'sharing_own_secret a as']
2024-10-24 16:46:58,417 - greedy - INFO - Goal found
2024-10-24 16:46:58,417 - greedy - INFO - [number of node pruned_by_unknown]: 0
2024-10-24 16:46:58,417 - greedy - INFO - [number of node pruned_by_visited]: 1
2024-10-24 16:46:58,417 - greedy - INFO - [number of node pruned]: 1
2024-10-24 16:46:58,417 - greedy - INFO - [number of node goal_checked]: 189
2024-10-24 16:46:58,417 - greedy - INFO - [number of node expansion]: 15
2024-10-24 16:46:58,417 - greedy - INFO - [number of node generated]: 189
2024-10-24 16:46:58,417 - greedy - INFO - [number of epistemic formulas evaluation: 230]
2024-10-24 16:46:58,417 - greedy - INFO - [time in epistemic formulas evaluation: 0:00:00.504421]
2024-10-24 16:46:58,417 - greedy - INFO - [avg time in epistemic formulas evaluation: 2.1931347826086958]
2024-10-24 16:46:58,417 - greedy - INFO - [total_goal_size: 2]
2024-10-24 16:46:58,417 - greedy - INFO - [ontic_goal_size: 0]
2024-10-24 16:46:58,417 - greedy - INFO - [epistemic_goal_size: 2]
2024-10-24 16:46:58,417 - greedy - INFO - [ontic_goals: []]
2024-10-24 16:46:58,417 - greedy - INFO - [epistemic_goals: ['(= (@ep ("+ b [b]") (= (shared_value as) \'t\')) ep.true)', '(= (@ep ("+ b [c]") (= (shared_value as) \'f\')) ep.true)']]
2024-10-24 16:46:58,417 - greedy - INFO - [goals: ['(= (@ep ("+ b [b]") (= (shared_value as) \'t\')) ep.true)', '(= (@ep ("+ b [c]") (= (shared_value as) \'f\')) ep.true)']]
2024-10-24 16:46:58,417 - greedy - INFO - [epistemic_call_time_max: 14.134]
2024-10-24 16:46:58,417 - greedy - INFO - [functions: 105]
2024-10-24 16:46:58,418 - greedy - INFO - [number of common perspective generated]: 0
2024-10-24 16:46:58,418 - greedy - INFO - [number of all iterations used when generating common perspectives]: 0
2024-10-24 16:46:58,418 - greedy - INFO - [number of max iterations used when generating common perspectives]: 0
2024-10-24 16:46:58,418 - greedy - INFO - [number of average iterations used when generating common perspectives]: 0
2024-10-24 16:46:58,418 - greedy - INFO - [number of averaged unfiltered branching factors]: 12.533333333333333
2024-10-24 16:46:58,418 - greedy - INFO - [number of max unfiltered branching factors]: 31
2024-10-24 16:46:58,421 - instance_runner - INFO - initialization time: 0:00:00.005592
2024-10-24 16:46:58,421 - instance_runner - INFO - search time: 0:00:00.582414
