2024-10-24 16:07:42,819 - instance_runner - INFO - parser domain and problem
2024-10-24 16:07:42,819 - instance_runner - INFO - new_syntax/grapevine/domain.pddl
2024-10-24 16:07:42,819 - instance_runner - INFO - new_syntax/grapevine/problem06_4ag_8g_2d.pddl
2024-10-24 16:07:42,819 - pddl_parser - INFO - Reading domain file
2024-10-24 16:07:42,819 - pddl_parser - INFO - new_syntax/grapevine/domain.pddl
2024-10-24 16:07:42,820 - pddl_parser - INFO - Parsing domain file
2024-10-24 16:07:42,821 - pddl_parser - INFO - Reading problem file
2024-10-24 16:07:42,821 - pddl_parser - INFO - new_syntax/grapevine/problem06_4ag_8g_2d.pddl
2024-10-24 16:07:42,822 - pddl_parser - INFO - Parsing problem file
2024-10-24 16:07:42,824 - instance_runner - INFO - loading external function: new_syntax/grapevine/grapevine.py
2024-10-24 16:07:42,824 - instance_runner - INFO - finish loading external function
2024-10-24 16:07:42,824 - instance_runner - INFO - Initialize problem
2024-10-24 16:07:42,824 - epistemic_model - INFO - initialize epistemic model
2024-10-24 16:07:42,824 - instance_runner - INFO - starting search
2024-10-24 16:07:42,825 - ngreedy - INFO - starting searching using [ngreedy]
2024-10-24 16:17:22,844 - ngreedy - INFO - Problem cannot be solved in the given memory (8192MB).
2024-10-24 16:17:22,851 - ngreedy - INFO - [number of node pruned_by_unknown]: 0
2024-10-24 16:17:22,851 - ngreedy - INFO - [number of node pruned_by_visited]: 7730
2024-10-24 16:17:22,851 - ngreedy - INFO - [number of node pruned]: 7730
2024-10-24 16:17:22,851 - ngreedy - INFO - [number of node goal_checked]: 50589
2024-10-24 16:17:22,852 - ngreedy - INFO - [number of node expansion]: 9540
2024-10-24 16:17:22,852 - ngreedy - INFO - [number of node generated]: 50589
2024-10-24 16:17:22,852 - ngreedy - INFO - [number of epistemic formulas evaluation: 71869]
2024-10-24 16:17:22,852 - ngreedy - INFO - [time in epistemic formulas evaluation: 0:08:27.359402]
2024-10-24 16:17:22,852 - ngreedy - INFO - [avg time in epistemic formulas evaluation: 7.059502734141285]
2024-10-24 16:17:22,852 - ngreedy - INFO - [total_goal_size: 8]
2024-10-24 16:17:22,852 - ngreedy - INFO - [ontic_goal_size: 0]
2024-10-24 16:17:22,852 - ngreedy - INFO - [epistemic_goal_size: 8]
2024-10-24 16:17:22,852 - ngreedy - INFO - [ontic_goals: []]
2024-10-24 16:17:22,852 - ngreedy - INFO - [epistemic_goals: ['(= (@ep ("+ b [a] + b [d]") (= (shared_value as) \'f\')) ep.true)', '(= (@ep ("+ b [d]") (= (shared_value as) \'t\')) ep.true)', '(= (@ep ("+ b [b] + b [c]") (= (shared_value ds) \'f\')) ep.true)', '(= (@ep ("+ b [c]") (= (shared_value ds) \'t\')) ep.true)', '(= (@ep ("+ b [c] + b [b]") (= (shared_value cs) \'f\')) ep.true)', '(= (@ep ("+ b [b]") (= (shared_value cs) \'t\')) ep.true)', '(= (@ep ("+ b [d] + b [a]") (= (shared_value bs) \'f\')) ep.true)', '(= (@ep ("+ b [a]") (= (shared_value bs) \'t\')) ep.true)']]
2024-10-24 16:17:22,852 - ngreedy - INFO - [goals: ['(= (@ep ("+ b [a] + b [d]") (= (shared_value as) \'f\')) ep.true)', '(= (@ep ("+ b [d]") (= (shared_value as) \'t\')) ep.true)', '(= (@ep ("+ b [b] + b [c]") (= (shared_value ds) \'f\')) ep.true)', '(= (@ep ("+ b [c]") (= (shared_value ds) \'t\')) ep.true)', '(= (@ep ("+ b [c] + b [b]") (= (shared_value cs) \'f\')) ep.true)', '(= (@ep ("+ b [b]") (= (shared_value cs) \'t\')) ep.true)', '(= (@ep ("+ b [d] + b [a]") (= (shared_value bs) \'f\')) ep.true)', '(= (@ep ("+ b [a]") (= (shared_value bs) \'t\')) ep.true)']]
2024-10-24 16:17:22,852 - ngreedy - INFO - [epistemic_call_time_max: 8180.543]
2024-10-24 16:17:22,852 - ngreedy - INFO - [functions: 37]
2024-10-24 16:17:22,853 - ngreedy - INFO - [number of common perspective generated]: 0
2024-10-24 16:17:22,853 - ngreedy - INFO - [number of all iterations used when generating common perspectives]: 0
2024-10-24 16:17:22,853 - ngreedy - INFO - [number of max iterations used when generating common perspectives]: 0
2024-10-24 16:17:22,853 - ngreedy - INFO - [number of average iterations used when generating common perspectives]: 0
2024-10-24 16:17:22,854 - ngreedy - INFO - [number of averaged unfiltered branching factors]: 5.30272536687631
2024-10-24 16:17:22,854 - ngreedy - INFO - [number of max unfiltered branching factors]: 24
2024-10-24 16:17:26,573 - instance_runner - INFO - initialization time: 0:00:00.005879
2024-10-24 16:17:26,574 - instance_runner - INFO - search time: 0:09:43.748323
