2024-10-24 16:06:40,758 - instance_runner - INFO - parser domain and problem
2024-10-24 16:06:40,758 - instance_runner - INFO - new_syntax/grapevine/domain.pddl
2024-10-24 16:06:40,758 - instance_runner - INFO - new_syntax/grapevine/problem01_4ag_2g_1d.pddl
2024-10-24 16:06:40,758 - pddl_parser - INFO - Reading domain file
2024-10-24 16:06:40,759 - pddl_parser - INFO - new_syntax/grapevine/domain.pddl
2024-10-24 16:06:40,768 - pddl_parser - INFO - Parsing domain file
2024-10-24 16:06:40,772 - pddl_parser - INFO - Reading problem file
2024-10-24 16:06:40,773 - pddl_parser - INFO - new_syntax/grapevine/problem01_4ag_2g_1d.pddl
2024-10-24 16:06:40,775 - pddl_parser - INFO - Parsing problem file
2024-10-24 16:06:40,778 - instance_runner - INFO - loading external function: new_syntax/grapevine/grapevine.py
2024-10-24 16:06:40,780 - instance_runner - INFO - finish loading external function
2024-10-24 16:06:40,780 - instance_runner - INFO - Initialize problem
2024-10-24 16:06:40,780 - epistemic_model - INFO - initialize epistemic model
2024-10-24 16:06:40,780 - instance_runner - INFO - starting search
2024-10-24 16:06:40,780 - ngreedy - INFO - starting searching using [ngreedy]
2024-10-24 16:06:40,986 - ngreedy - INFO - plan is: ['sharing_own_secret a as', 'quiet as', 'move_right b', 'lying_own_secret a as']
2024-10-24 16:06:40,986 - ngreedy - INFO - Goal found
2024-10-24 16:06:40,987 - ngreedy - INFO - [number of node pruned_by_unknown]: 0
2024-10-24 16:06:40,987 - ngreedy - INFO - [number of node pruned_by_visited]: 2
2024-10-24 16:06:40,987 - ngreedy - INFO - [number of node pruned]: 2
2024-10-24 16:06:40,987 - ngreedy - INFO - [number of node goal_checked]: 162
2024-10-24 16:06:40,987 - ngreedy - INFO - [number of node expansion]: 22
2024-10-24 16:06:40,987 - ngreedy - INFO - [number of node generated]: 162
2024-10-24 16:06:40,987 - ngreedy - INFO - [number of epistemic formulas evaluation: 191]
2024-10-24 16:06:40,987 - ngreedy - INFO - [time in epistemic formulas evaluation: 0:00:00.134287]
2024-10-24 16:06:40,987 - ngreedy - INFO - [avg time in epistemic formulas evaluation: 0.7030732984293192]
2024-10-24 16:06:40,987 - ngreedy - INFO - [total_goal_size: 2]
2024-10-24 16:06:40,987 - ngreedy - INFO - [ontic_goal_size: 0]
2024-10-24 16:06:40,987 - ngreedy - INFO - [epistemic_goal_size: 2]
2024-10-24 16:06:40,987 - ngreedy - INFO - [ontic_goals: []]
2024-10-24 16:06:40,987 - ngreedy - INFO - [epistemic_goals: ['(= (@ep ("+ b [b]") (= (shared_value as) \'t\')) ep.true)', '(= (@ep ("+ b [c]") (= (shared_value as) \'f\')) ep.true)']]
2024-10-24 16:06:40,987 - ngreedy - INFO - [goals: ['(= (@ep ("+ b [b]") (= (shared_value as) \'t\')) ep.true)', '(= (@ep ("+ b [c]") (= (shared_value as) \'f\')) ep.true)']]
2024-10-24 16:06:40,987 - ngreedy - INFO - [epistemic_call_time_max: 2.254]
2024-10-24 16:06:40,987 - ngreedy - INFO - [functions: 37]
2024-10-24 16:06:40,987 - ngreedy - INFO - [number of common perspective generated]: 0
2024-10-24 16:06:40,987 - ngreedy - INFO - [number of all iterations used when generating common perspectives]: 0
2024-10-24 16:06:40,987 - ngreedy - INFO - [number of max iterations used when generating common perspectives]: 0
2024-10-24 16:06:40,987 - ngreedy - INFO - [number of average iterations used when generating common perspectives]: 0
2024-10-24 16:06:40,988 - ngreedy - INFO - [number of averaged unfiltered branching factors]: 7.318181818181818
2024-10-24 16:06:40,988 - ngreedy - INFO - [number of max unfiltered branching factors]: 15
2024-10-24 16:06:40,989 - instance_runner - INFO - initialization time: 0:00:00.022651
2024-10-24 16:06:40,989 - instance_runner - INFO - search time: 0:00:00.208386
