2024-10-24 16:17:51,540 - instance_runner - INFO - parser domain and problem
2024-10-24 16:17:51,541 - instance_runner - INFO - new_syntax/grapevine/domain.pddl
2024-10-24 16:17:51,541 - instance_runner - INFO - new_syntax/grapevine/problem11_8ag_8g_1d.pddl
2024-10-24 16:17:51,541 - pddl_parser - INFO - Reading domain file
2024-10-24 16:17:51,541 - pddl_parser - INFO - new_syntax/grapevine/domain.pddl
2024-10-24 16:17:51,542 - pddl_parser - INFO - Parsing domain file
2024-10-24 16:17:51,544 - pddl_parser - INFO - Reading problem file
2024-10-24 16:17:51,544 - pddl_parser - INFO - new_syntax/grapevine/problem11_8ag_8g_1d.pddl
2024-10-24 16:17:51,554 - pddl_parser - INFO - Parsing problem file
2024-10-24 16:17:51,556 - instance_runner - INFO - loading external function: new_syntax/grapevine/grapevine.py
2024-10-24 16:17:51,556 - instance_runner - INFO - finish loading external function
2024-10-24 16:17:51,556 - instance_runner - INFO - Initialize problem
2024-10-24 16:17:51,556 - epistemic_model - INFO - initialize epistemic model
2024-10-24 16:17:51,556 - instance_runner - INFO - starting search
2024-10-24 16:17:51,557 - ngreedy - INFO - starting searching using [ngreedy]
2024-10-24 16:21:48,433 - ngreedy - INFO - plan is: ['lying_own_secret c cs', 'quiet cs', 'move_right b', 'sharing_own_secret c cs', 'quiet cs', 'move_left b', 'sharing_own_secret a as', 'quiet as', 'move_right b', 'lying_own_secret a as', 'quiet as', 'move_left b', 'lying_own_secret b bs', 'quiet bs', 'move_right a', 'sharing_own_secret b bs', 'quiet bs', 'move_left a', 'sharing_own_secret d ds', 'quiet ds', 'move_right a', 'lying_own_secret d ds']
2024-10-24 16:21:48,433 - ngreedy - INFO - Goal found
2024-10-24 16:21:48,433 - ngreedy - INFO - [number of node pruned_by_unknown]: 0
2024-10-24 16:21:48,433 - ngreedy - INFO - [number of node pruned_by_visited]: 445
2024-10-24 16:21:48,433 - ngreedy - INFO - [number of node pruned]: 445
2024-10-24 16:21:48,433 - ngreedy - INFO - [number of node goal_checked]: 14805
2024-10-24 16:21:48,433 - ngreedy - INFO - [number of node expansion]: 1571
2024-10-24 16:21:48,433 - ngreedy - INFO - [number of node generated]: 14805
2024-10-24 16:21:48,433 - ngreedy - INFO - [number of epistemic formulas evaluation: 21086]
2024-10-24 16:21:48,433 - ngreedy - INFO - [time in epistemic formulas evaluation: 0:03:38.678096]
2024-10-24 16:21:48,433 - ngreedy - INFO - [avg time in epistemic formulas evaluation: 10.370771886559803]
2024-10-24 16:21:48,433 - ngreedy - INFO - [total_goal_size: 8]
2024-10-24 16:21:48,433 - ngreedy - INFO - [ontic_goal_size: 0]
2024-10-24 16:21:48,434 - ngreedy - INFO - [epistemic_goal_size: 8]
2024-10-24 16:21:48,434 - ngreedy - INFO - [ontic_goals: []]
2024-10-24 16:21:48,434 - ngreedy - INFO - [epistemic_goals: ['(= (@ep ("+ b [a]") (= (shared_value bs) \'f\')) ep.true)', '(= (@ep ("+ b [a]") (= (shared_value ds) \'t\')) ep.true)', '(= (@ep ("+ b [b]") (= (shared_value cs) \'f\')) ep.true)', '(= (@ep ("+ b [b]") (= (shared_value as) \'t\')) ep.true)', '(= (@ep ("+ b [c]") (= (shared_value ds) \'f\')) ep.true)', '(= (@ep ("+ b [c]") (= (shared_value bs) \'t\')) ep.true)', '(= (@ep ("+ b [d]") (= (shared_value as) \'f\')) ep.true)', '(= (@ep ("+ b [d]") (= (shared_value cs) \'t\')) ep.true)']]
2024-10-24 16:21:48,434 - ngreedy - INFO - [goals: ['(= (@ep ("+ b [a]") (= (shared_value bs) \'f\')) ep.true)', '(= (@ep ("+ b [a]") (= (shared_value ds) \'t\')) ep.true)', '(= (@ep ("+ b [b]") (= (shared_value cs) \'f\')) ep.true)', '(= (@ep ("+ b [b]") (= (shared_value as) \'t\')) ep.true)', '(= (@ep ("+ b [c]") (= (shared_value ds) \'f\')) ep.true)', '(= (@ep ("+ b [c]") (= (shared_value bs) \'t\')) ep.true)', '(= (@ep ("+ b [d]") (= (shared_value as) \'f\')) ep.true)', '(= (@ep ("+ b [d]") (= (shared_value cs) \'t\')) ep.true)']]
2024-10-24 16:21:48,434 - ngreedy - INFO - [epistemic_call_time_max: 4225.257]
2024-10-24 16:21:48,434 - ngreedy - INFO - [functions: 105]
2024-10-24 16:21:48,434 - ngreedy - INFO - [number of common perspective generated]: 0
2024-10-24 16:21:48,434 - ngreedy - INFO - [number of all iterations used when generating common perspectives]: 0
2024-10-24 16:21:48,434 - ngreedy - INFO - [number of max iterations used when generating common perspectives]: 0
2024-10-24 16:21:48,434 - ngreedy - INFO - [number of average iterations used when generating common perspectives]: 0
2024-10-24 16:21:48,434 - ngreedy - INFO - [number of averaged unfiltered branching factors]: 9.423297262889879
2024-10-24 16:21:48,434 - ngreedy - INFO - [number of max unfiltered branching factors]: 52
2024-10-24 16:21:49,882 - instance_runner - INFO - initialization time: 0:00:00.016263
2024-10-24 16:21:49,882 - instance_runner - INFO - search time: 0:03:58.323266
