2024-10-24 16:46:55,410 - instance_runner - INFO - parser domain and problem
2024-10-24 16:46:55,410 - instance_runner - INFO - new_syntax/grapevine/domain.pddl
2024-10-24 16:46:55,411 - instance_runner - INFO - new_syntax/grapevine/problem07_8ag_2g_1d.pddl
2024-10-24 16:46:55,411 - pddl_parser - INFO - Reading domain file
2024-10-24 16:46:55,411 - pddl_parser - INFO - new_syntax/grapevine/domain.pddl
2024-10-24 16:46:55,413 - pddl_parser - INFO - Parsing domain file
2024-10-24 16:46:55,415 - pddl_parser - INFO - Reading problem file
2024-10-24 16:46:55,416 - pddl_parser - INFO - new_syntax/grapevine/problem07_8ag_2g_1d.pddl
2024-10-24 16:46:55,419 - pddl_parser - INFO - Parsing problem file
2024-10-24 16:46:55,421 - instance_runner - INFO - loading external function: new_syntax/grapevine/grapevine.py
2024-10-24 16:46:55,421 - instance_runner - INFO - finish loading external function
2024-10-24 16:46:55,422 - instance_runner - INFO - Initialize problem
2024-10-24 16:46:55,422 - epistemic_model - INFO - initialize epistemic model
2024-10-24 16:46:55,422 - instance_runner - INFO - starting search
2024-10-24 16:46:55,422 - greedy - INFO - starting searching using [greedy]
2024-10-24 16:46:55,984 - greedy - INFO - plan is: ['lying_own_secret a as', 'quiet as', 'move_right c', 'sharing_own_secret a as']
2024-10-24 16:46:55,984 - greedy - INFO - Goal found
2024-10-24 16:46:55,985 - greedy - INFO - [number of node pruned_by_unknown]: 0
2024-10-24 16:46:55,985 - greedy - INFO - [number of node pruned_by_visited]: 1
2024-10-24 16:46:55,985 - greedy - INFO - [number of node pruned]: 1
2024-10-24 16:46:55,985 - greedy - INFO - [number of node goal_checked]: 189
2024-10-24 16:46:55,985 - greedy - INFO - [number of node expansion]: 15
2024-10-24 16:46:55,985 - greedy - INFO - [number of node generated]: 189
2024-10-24 16:46:55,985 - greedy - INFO - [number of epistemic formulas evaluation: 230]
2024-10-24 16:46:55,985 - greedy - INFO - [time in epistemic formulas evaluation: 0:00:00.477385]
2024-10-24 16:46:55,985 - greedy - INFO - [avg time in epistemic formulas evaluation: 2.075586956521739]
2024-10-24 16:46:55,985 - greedy - INFO - [total_goal_size: 2]
2024-10-24 16:46:55,985 - greedy - INFO - [ontic_goal_size: 0]
2024-10-24 16:46:55,985 - greedy - INFO - [epistemic_goal_size: 2]
2024-10-24 16:46:55,985 - greedy - INFO - [ontic_goals: []]
2024-10-24 16:46:55,985 - greedy - INFO - [epistemic_goals: ['(= (@ep ("+ b [b]") (= (shared_value as) \'t\')) ep.true)', '(= (@ep ("+ b [c]") (= (shared_value as) \'f\')) ep.true)']]
2024-10-24 16:46:55,985 - greedy - INFO - [goals: ['(= (@ep ("+ b [b]") (= (shared_value as) \'t\')) ep.true)', '(= (@ep ("+ b [c]") (= (shared_value as) \'f\')) ep.true)']]
2024-10-24 16:46:55,985 - greedy - INFO - [epistemic_call_time_max: 8.867999999999999]
2024-10-24 16:46:55,985 - greedy - INFO - [functions: 105]
2024-10-24 16:46:55,986 - greedy - INFO - [number of common perspective generated]: 0
2024-10-24 16:46:55,986 - greedy - INFO - [number of all iterations used when generating common perspectives]: 0
2024-10-24 16:46:55,986 - greedy - INFO - [number of max iterations used when generating common perspectives]: 0
2024-10-24 16:46:55,986 - greedy - INFO - [number of average iterations used when generating common perspectives]: 0
2024-10-24 16:46:55,986 - greedy - INFO - [number of averaged unfiltered branching factors]: 12.533333333333333
2024-10-24 16:46:55,986 - greedy - INFO - [number of max unfiltered branching factors]: 31
2024-10-24 16:46:55,988 - instance_runner - INFO - initialization time: 0:00:00.012266
2024-10-24 16:46:55,988 - instance_runner - INFO - search time: 0:00:00.566360
