2024-10-24 16:35:06,250 - instance_runner - INFO - parser domain and problem
2024-10-24 16:35:06,251 - instance_runner - INFO - new_syntax/grapevine/domain.pddl
2024-10-24 16:35:06,251 - instance_runner - INFO - new_syntax/grapevine/problem04_4ag_4g_2d.pddl
2024-10-24 16:35:06,252 - pddl_parser - INFO - Reading domain file
2024-10-24 16:35:06,253 - pddl_parser - INFO - new_syntax/grapevine/domain.pddl
2024-10-24 16:35:06,257 - pddl_parser - INFO - Parsing domain file
2024-10-24 16:35:06,261 - pddl_parser - INFO - Reading problem file
2024-10-24 16:35:06,262 - pddl_parser - INFO - new_syntax/grapevine/problem04_4ag_4g_2d.pddl
2024-10-24 16:35:06,267 - pddl_parser - INFO - Parsing problem file
2024-10-24 16:35:06,269 - instance_runner - INFO - loading external function: new_syntax/grapevine/grapevine.py
2024-10-24 16:35:06,269 - instance_runner - INFO - finish loading external function
2024-10-24 16:35:06,269 - instance_runner - INFO - Initialize problem
2024-10-24 16:35:06,270 - epistemic_model - INFO - initialize epistemic model
2024-10-24 16:35:06,270 - instance_runner - INFO - starting search
2024-10-24 16:35:06,270 - greedy - INFO - starting searching using [greedy]
2024-10-24 16:45:06,298 - greedy - INFO - Problem cannot be solved in the given time (600).
2024-10-24 16:45:06,298 - greedy - INFO - [number of node pruned_by_unknown]: 0
2024-10-24 16:45:06,298 - greedy - INFO - [number of node pruned_by_visited]: 18036
2024-10-24 16:45:06,298 - greedy - INFO - [number of node pruned]: 18036
2024-10-24 16:45:06,298 - greedy - INFO - [number of node goal_checked]: 81120
2024-10-24 16:45:06,298 - greedy - INFO - [number of node expansion]: 11328
2024-10-24 16:45:06,298 - greedy - INFO - [number of node generated]: 81120
2024-10-24 16:45:06,298 - greedy - INFO - [number of epistemic formulas evaluation: 115472]
2024-10-24 16:45:06,298 - greedy - INFO - [time in epistemic formulas evaluation: 0:08:20.728517]
2024-10-24 16:45:06,298 - greedy - INFO - [avg time in epistemic formulas evaluation: 4.336363075031176]
2024-10-24 16:45:06,299 - greedy - INFO - [total_goal_size: 4]
2024-10-24 16:45:06,299 - greedy - INFO - [ontic_goal_size: 0]
2024-10-24 16:45:06,299 - greedy - INFO - [epistemic_goal_size: 4]
2024-10-24 16:45:06,299 - greedy - INFO - [ontic_goals: []]
2024-10-24 16:45:06,299 - greedy - INFO - [epistemic_goals: ['(= (@ep ("+ b [b] + b [c]") (= (shared_value as) \'f\')) ep.true)', '(= (@ep ("+ b [c]") (= (shared_value as) \'t\')) ep.true)', '(= (@ep ("+ b [d] + b [c]") (= (shared_value as) \'t\')) ep.true)', '(= (@ep ("+ b [b]") (= (shared_value as) \'t\')) ep.true)']]
2024-10-24 16:45:06,299 - greedy - INFO - [goals: ['(= (@ep ("+ b [b] + b [c]") (= (shared_value as) \'f\')) ep.true)', '(= (@ep ("+ b [c]") (= (shared_value as) \'t\')) ep.true)', '(= (@ep ("+ b [d] + b [c]") (= (shared_value as) \'t\')) ep.true)', '(= (@ep ("+ b [b]") (= (shared_value as) \'t\')) ep.true)']]
2024-10-24 16:45:06,299 - greedy - INFO - [epistemic_call_time_max: 10439.882000000001]
2024-10-24 16:45:06,299 - greedy - INFO - [functions: 37]
2024-10-24 16:45:06,299 - greedy - INFO - [number of common perspective generated]: 0
2024-10-24 16:45:06,299 - greedy - INFO - [number of all iterations used when generating common perspectives]: 0
2024-10-24 16:45:06,299 - greedy - INFO - [number of max iterations used when generating common perspectives]: 0
2024-10-24 16:45:06,299 - greedy - INFO - [number of average iterations used when generating common perspectives]: 0
2024-10-24 16:45:06,299 - greedy - INFO - [number of averaged unfiltered branching factors]: 7.160928672316384
2024-10-24 16:45:06,299 - greedy - INFO - [number of max unfiltered branching factors]: 24
2024-10-24 16:45:10,103 - instance_runner - INFO - initialization time: 0:00:00.021717
2024-10-24 16:45:10,104 - instance_runner - INFO - search time: 0:10:03.832946
