2024-10-26 15:09:17,022 - instance_runner - INFO - parser domain and problem
2024-10-26 15:09:17,022 - instance_runner - INFO - new_syntax/grapevine/domain.pddl
2024-10-26 15:09:17,022 - instance_runner - INFO - new_syntax/grapevine/problem06_4ag_8g_2d.pddl
2024-10-26 15:09:17,022 - pddl_parser - INFO - Reading domain file
2024-10-26 15:09:17,022 - pddl_parser - INFO - new_syntax/grapevine/domain.pddl
2024-10-26 15:09:17,023 - pddl_parser - INFO - Parsing domain file
2024-10-26 15:09:17,024 - pddl_parser - INFO - Reading problem file
2024-10-26 15:09:17,024 - pddl_parser - INFO - new_syntax/grapevine/problem06_4ag_8g_2d.pddl
2024-10-26 15:09:17,025 - pddl_parser - INFO - Parsing problem file
2024-10-26 15:09:17,025 - instance_runner - INFO - loading external function: new_syntax/grapevine/grapevine.py
2024-10-26 15:09:17,025 - instance_runner - INFO - finish loading external function
2024-10-26 15:09:17,025 - instance_runner - INFO - Initialize problem
2024-10-26 15:09:17,025 - epistemic_model - INFO - initialize epistemic model
2024-10-26 15:09:17,025 - instance_runner - INFO - starting search
2024-10-26 15:09:17,026 - ngreedy - INFO - starting searching using [ngreedy]
2024-10-26 15:14:56,335 - ngreedy - INFO - Problem cannot be solved in the given memory (8192MB).
2024-10-26 15:14:56,342 - ngreedy - INFO - [number of node pruned_by_unknown]: 0
2024-10-26 15:14:56,342 - ngreedy - INFO - [number of node pruned_by_visited]: 7730
2024-10-26 15:14:56,342 - ngreedy - INFO - [number of node pruned]: 7730
2024-10-26 15:14:56,342 - ngreedy - INFO - [number of node goal_checked]: 50589
2024-10-26 15:14:56,342 - ngreedy - INFO - [number of node expansion]: 9540
2024-10-26 15:14:56,342 - ngreedy - INFO - [number of node generated]: 50589
2024-10-26 15:14:56,342 - ngreedy - INFO - [number of epistemic formulas evaluation: 71869]
2024-10-26 15:14:56,342 - ngreedy - INFO - [time in epistemic formulas evaluation: 0:05:07.433484]
2024-10-26 15:14:56,343 - ngreedy - INFO - [avg time in epistemic formulas evaluation: 4.277692523897647]
2024-10-26 15:14:56,343 - ngreedy - INFO - [total_goal_size: 8]
2024-10-26 15:14:56,343 - ngreedy - INFO - [ontic_goal_size: 0]
2024-10-26 15:14:56,343 - ngreedy - INFO - [epistemic_goal_size: 8]
2024-10-26 15:14:56,343 - ngreedy - INFO - [ontic_goals: []]
2024-10-26 15:14:56,343 - ngreedy - INFO - [epistemic_goals: ['(= (@ep ("+ b [a] + b [d]") (= (shared_value as) \'f\')) ep.true)', '(= (@ep ("+ b [d]") (= (shared_value as) \'t\')) ep.true)', '(= (@ep ("+ b [b] + b [c]") (= (shared_value ds) \'f\')) ep.true)', '(= (@ep ("+ b [c]") (= (shared_value ds) \'t\')) ep.true)', '(= (@ep ("+ b [c] + b [b]") (= (shared_value cs) \'f\')) ep.true)', '(= (@ep ("+ b [b]") (= (shared_value cs) \'t\')) ep.true)', '(= (@ep ("+ b [d] + b [a]") (= (shared_value bs) \'f\')) ep.true)', '(= (@ep ("+ b [a]") (= (shared_value bs) \'t\')) ep.true)']]
2024-10-26 15:14:56,343 - ngreedy - INFO - [goals: ['(= (@ep ("+ b [a] + b [d]") (= (shared_value as) \'f\')) ep.true)', '(= (@ep ("+ b [d]") (= (shared_value as) \'t\')) ep.true)', '(= (@ep ("+ b [b] + b [c]") (= (shared_value ds) \'f\')) ep.true)', '(= (@ep ("+ b [c]") (= (shared_value ds) \'t\')) ep.true)', '(= (@ep ("+ b [c] + b [b]") (= (shared_value cs) \'f\')) ep.true)', '(= (@ep ("+ b [b]") (= (shared_value cs) \'t\')) ep.true)', '(= (@ep ("+ b [d] + b [a]") (= (shared_value bs) \'f\')) ep.true)', '(= (@ep ("+ b [a]") (= (shared_value bs) \'t\')) ep.true)']]
2024-10-26 15:14:56,343 - ngreedy - INFO - [epistemic_call_time_max: 3666.044]
2024-10-26 15:14:56,343 - ngreedy - INFO - [functions: 37]
2024-10-26 15:14:56,343 - ngreedy - INFO - [number of common perspective generated]: 0
2024-10-26 15:14:56,343 - ngreedy - INFO - [number of all iterations used when generating common perspectives]: 0
2024-10-26 15:14:56,343 - ngreedy - INFO - [number of max iterations used when generating common perspectives]: 0
2024-10-26 15:14:56,343 - ngreedy - INFO - [number of average iterations used when generating common perspectives]: 0
2024-10-26 15:14:56,343 - ngreedy - INFO - [number of averaged unfiltered branching factors]: 5.30272536687631
2024-10-26 15:14:56,343 - ngreedy - INFO - [number of max unfiltered branching factors]: 24
2024-10-26 15:14:58,014 - instance_runner - INFO - initialization time: 0:00:00.003719
2024-10-26 15:14:58,015 - instance_runner - INFO - search time: 0:05:40.987957
