2024-10-22 13:53:10,361 - instance_runner - INFO - parser domain and problem
2024-10-22 13:53:10,361 - instance_runner - INFO - new_syntax/grapevine/domain.pddl
2024-10-22 13:53:10,361 - instance_runner - INFO - new_syntax/grapevine/problem03_4ag_4g_1d.pddl
2024-10-22 13:53:10,361 - pddl_parser - INFO - Reading domain file
2024-10-22 13:53:10,361 - pddl_parser - INFO - new_syntax/grapevine/domain.pddl
2024-10-22 13:53:10,361 - pddl_parser - INFO - Parsing domain file
2024-10-22 13:53:10,362 - pddl_parser - INFO - Reading problem file
2024-10-22 13:53:10,362 - pddl_parser - INFO - new_syntax/grapevine/problem03_4ag_4g_1d.pddl
2024-10-22 13:53:10,370 - pddl_parser - INFO - Parsing problem file
2024-10-22 13:53:10,372 - instance_runner - INFO - loading external function: new_syntax/grapevine/grapevine.py
2024-10-22 13:53:10,373 - instance_runner - INFO - finish loading external function
2024-10-22 13:53:10,373 - instance_runner - INFO - Initialize problem
2024-10-22 13:53:10,373 - epistemic_model - INFO - initialize epistemic model
2024-10-22 13:53:10,373 - instance_runner - INFO - starting search
2024-10-22 13:53:10,373 - ngreedy - INFO - starting searching using [ngreedy]
2024-10-22 13:53:10,891 - ngreedy - INFO - plan is: ['lying_own_secret d ds', 'quiet ds', 'move_right b', 'sharing_own_secret d ds', 'quiet ds', 'move_left b', 'sharing_own_secret a as', 'quiet as', 'move_right b', 'lying_own_secret a as']
2024-10-22 13:53:10,891 - ngreedy - INFO - Goal found
2024-10-22 13:53:10,891 - ngreedy - INFO - [number of node pruned_by_unknown]: 0
2024-10-22 13:53:10,891 - ngreedy - INFO - [number of node pruned_by_visited]: 11
2024-10-22 13:53:10,891 - ngreedy - INFO - [number of node pruned]: 11
2024-10-22 13:53:10,891 - ngreedy - INFO - [number of node goal_checked]: 453
2024-10-22 13:53:10,891 - ngreedy - INFO - [number of node expansion]: 64
2024-10-22 13:53:10,891 - ngreedy - INFO - [number of node generated]: 453
2024-10-22 13:53:10,891 - ngreedy - INFO - [number of epistemic formulas evaluation: 571]
2024-10-22 13:53:10,891 - ngreedy - INFO - [time in epistemic formulas evaluation: 0:00:00.422358]
2024-10-22 13:53:10,891 - ngreedy - INFO - [avg time in epistemic formulas evaluation: 0.7396812609457093]
2024-10-22 13:53:10,891 - ngreedy - INFO - [total_goal_size: 4]
2024-10-22 13:53:10,891 - ngreedy - INFO - [ontic_goal_size: 0]
2024-10-22 13:53:10,891 - ngreedy - INFO - [epistemic_goal_size: 4]
2024-10-22 13:53:10,891 - ngreedy - INFO - [ontic_goals: []]
2024-10-22 13:53:10,891 - ngreedy - INFO - [epistemic_goals: ['(= (@ep ("+ b [c]") (= (shared_value as) \'f\')) ep.true)', '(= (@ep ("+ b [c]") (= (shared_value ds) \'t\')) ep.true)', '(= (@ep ("+ b [b]") (= (shared_value ds) \'f\')) ep.true)', '(= (@ep ("+ b [b]") (= (shared_value as) \'t\')) ep.true)']]
2024-10-22 13:53:10,891 - ngreedy - INFO - [goals: ['(= (@ep ("+ b [c]") (= (shared_value as) \'f\')) ep.true)', '(= (@ep ("+ b [c]") (= (shared_value ds) \'t\')) ep.true)', '(= (@ep ("+ b [b]") (= (shared_value ds) \'f\')) ep.true)', '(= (@ep ("+ b [b]") (= (shared_value as) \'t\')) ep.true)']]
2024-10-22 13:53:10,891 - ngreedy - INFO - [epistemic_call_time_max: 2.222]
2024-10-22 13:53:10,891 - ngreedy - INFO - [functions: 37]
2024-10-22 13:53:10,891 - ngreedy - INFO - [number of common perspective generated]: 0
2024-10-22 13:53:10,891 - ngreedy - INFO - [number of all iterations used when generating common perspectives]: 0
2024-10-22 13:53:10,891 - ngreedy - INFO - [number of max iterations used when generating common perspectives]: 0
2024-10-22 13:53:10,891 - ngreedy - INFO - [number of average iterations used when generating common perspectives]: 0
2024-10-22 13:53:10,891 - ngreedy - INFO - [number of averaged unfiltered branching factors]: 7.0625
2024-10-22 13:53:10,891 - ngreedy - INFO - [number of max unfiltered branching factors]: 18
2024-10-22 13:53:10,895 - instance_runner - INFO - initialization time: 0:00:00.012553
2024-10-22 13:53:10,895 - instance_runner - INFO - search time: 0:00:00.521656
