2024-10-22 13:59:27,042 - instance_runner - INFO - parser domain and problem
2024-10-22 13:59:27,042 - instance_runner - INFO - new_syntax/grapevine/domain.pddl
2024-10-22 13:59:27,042 - instance_runner - INFO - new_syntax/grapevine/problem08_8ag_2g_2d.pddl
2024-10-22 13:59:27,042 - pddl_parser - INFO - Reading domain file
2024-10-22 13:59:27,042 - pddl_parser - INFO - new_syntax/grapevine/domain.pddl
2024-10-22 13:59:27,043 - pddl_parser - INFO - Parsing domain file
2024-10-22 13:59:27,044 - pddl_parser - INFO - Reading problem file
2024-10-22 13:59:27,044 - pddl_parser - INFO - new_syntax/grapevine/problem08_8ag_2g_2d.pddl
2024-10-22 13:59:27,053 - pddl_parser - INFO - Parsing problem file
2024-10-22 13:59:27,054 - instance_runner - INFO - loading external function: new_syntax/grapevine/grapevine.py
2024-10-22 13:59:27,054 - instance_runner - INFO - finish loading external function
2024-10-22 13:59:27,054 - instance_runner - INFO - Initialize problem
2024-10-22 13:59:27,054 - epistemic_model - INFO - initialize epistemic model
2024-10-22 13:59:27,054 - instance_runner - INFO - starting search
2024-10-22 13:59:27,054 - ngreedy - INFO - starting searching using [ngreedy]
2024-10-22 13:59:29,293 - ngreedy - INFO - plan is: ['lying_own_secret d ds', 'quiet ds', 'move_right b', 'sharing_own_secret d ds', 'quiet ds', 'move_left b', 'sharing_own_secret a as', 'quiet as', 'move_right b', 'lying_own_secret a as']
2024-10-22 13:59:29,294 - ngreedy - INFO - Goal found
2024-10-22 13:59:29,294 - ngreedy - INFO - [number of node pruned_by_unknown]: 0
2024-10-22 13:59:29,294 - ngreedy - INFO - [number of node pruned_by_visited]: 13
2024-10-22 13:59:29,294 - ngreedy - INFO - [number of node pruned]: 13
2024-10-22 13:59:29,294 - ngreedy - INFO - [number of node goal_checked]: 947
2024-10-22 13:59:29,294 - ngreedy - INFO - [number of node expansion]: 110
2024-10-22 13:59:29,294 - ngreedy - INFO - [number of node generated]: 947
2024-10-22 13:59:29,294 - ngreedy - INFO - [number of epistemic formulas evaluation: 1189]
2024-10-22 13:59:29,294 - ngreedy - INFO - [time in epistemic formulas evaluation: 0:00:01.979218]
2024-10-22 13:59:29,294 - ngreedy - INFO - [avg time in epistemic formulas evaluation: 1.6646072329688812]
2024-10-22 13:59:29,294 - ngreedy - INFO - [total_goal_size: 4]
2024-10-22 13:59:29,294 - ngreedy - INFO - [ontic_goal_size: 0]
2024-10-22 13:59:29,294 - ngreedy - INFO - [epistemic_goal_size: 4]
2024-10-22 13:59:29,294 - ngreedy - INFO - [ontic_goals: []]
2024-10-22 13:59:29,294 - ngreedy - INFO - [epistemic_goals: ['(= (@ep ("+ b [c]") (= (shared_value as) \'f\')) ep.true)', '(= (@ep ("+ b [c]") (= (shared_value ds) \'t\')) ep.true)', '(= (@ep ("+ b [b]") (= (shared_value ds) \'f\')) ep.true)', '(= (@ep ("+ b [b]") (= (shared_value as) \'t\')) ep.true)']]
2024-10-22 13:59:29,294 - ngreedy - INFO - [goals: ['(= (@ep ("+ b [c]") (= (shared_value as) \'f\')) ep.true)', '(= (@ep ("+ b [c]") (= (shared_value ds) \'t\')) ep.true)', '(= (@ep ("+ b [b]") (= (shared_value ds) \'f\')) ep.true)', '(= (@ep ("+ b [b]") (= (shared_value as) \'t\')) ep.true)']]
2024-10-22 13:59:29,294 - ngreedy - INFO - [epistemic_call_time_max: 8.349]
2024-10-22 13:59:29,294 - ngreedy - INFO - [functions: 105]
2024-10-22 13:59:29,294 - ngreedy - INFO - [number of common perspective generated]: 0
2024-10-22 13:59:29,294 - ngreedy - INFO - [number of all iterations used when generating common perspectives]: 0
2024-10-22 13:59:29,294 - ngreedy - INFO - [number of max iterations used when generating common perspectives]: 0
2024-10-22 13:59:29,294 - ngreedy - INFO - [number of average iterations used when generating common perspectives]: 0
2024-10-22 13:59:29,294 - ngreedy - INFO - [number of averaged unfiltered branching factors]: 8.6
2024-10-22 13:59:29,294 - ngreedy - INFO - [number of max unfiltered branching factors]: 38
2024-10-22 13:59:29,305 - instance_runner - INFO - initialization time: 0:00:00.011999
2024-10-22 13:59:29,305 - instance_runner - INFO - search time: 0:00:02.250622
