2024-10-24 16:03:30,397 - instance_runner - INFO - parser domain and problem
2024-10-24 16:03:30,397 - instance_runner - INFO - new_syntax/grid/domain.pddl
2024-10-24 16:03:30,397 - instance_runner - INFO - new_syntax/grid/problem_BlockCells_prob2.pddl
2024-10-24 16:03:30,397 - pddl_parser - INFO - Reading domain file
2024-10-24 16:03:30,397 - pddl_parser - INFO - new_syntax/grid/domain.pddl
2024-10-24 16:03:30,399 - pddl_parser - INFO - Parsing domain file
2024-10-24 16:03:30,401 - pddl_parser - INFO - Reading problem file
2024-10-24 16:03:30,401 - pddl_parser - INFO - new_syntax/grid/problem_BlockCells_prob2.pddl
2024-10-24 16:03:30,406 - pddl_parser - INFO - Parsing problem file
2024-10-24 16:03:30,411 - instance_runner - INFO - loading external function: new_syntax/grid/grid.py
2024-10-24 16:03:30,411 - instance_runner - INFO - finish loading external function
2024-10-24 16:03:30,411 - instance_runner - INFO - Initialize problem
2024-10-24 16:03:30,412 - epistemic_model - INFO - initialize epistemic model
2024-10-24 16:03:30,412 - instance_runner - INFO - starting search
2024-10-24 16:03:30,412 - greedy - INFO - starting searching using [greedy]
2024-10-24 16:03:55,274 - greedy - INFO - plan is: ['blockable_share a r1', 'move_blockable b r4 r1', 'sense a r1 r2', 'move_blockable a r1 r2', 'blockable_share a r2', 'move_blockable b r1 r2', 'sense a r2 r3', 'move_blockable a r2 r3', 'blockable_share a r3', 'move_blockable b r2 r3', 'sense c r9 r12', 'move_blockable c r9 r12', 'sense c r12 r11', 'move_blockable c r12 r11', 'sense c r11 r10', 'move_blockable c r11 r10', 'sense c r10 r7', 'move_blockable c r10 r7', 'sense c r7 r8', 'move_blockable c r7 r8']
2024-10-24 16:03:55,275 - greedy - INFO - Goal found
2024-10-24 16:03:55,275 - greedy - INFO - [number of node pruned_by_unknown]: 3
2024-10-24 16:03:55,276 - greedy - INFO - [number of node pruned_by_visited]: 65
2024-10-24 16:03:55,276 - greedy - INFO - [number of node pruned]: 68
2024-10-24 16:03:55,276 - greedy - INFO - [number of node goal_checked]: 1448
2024-10-24 16:03:55,276 - greedy - INFO - [number of node expansion]: 64
2024-10-24 16:03:55,276 - greedy - INFO - [number of node generated]: 1445
2024-10-24 16:03:55,276 - greedy - INFO - [number of epistemic formulas evaluation: 1577]
2024-10-24 16:03:55,276 - greedy - INFO - [time in epistemic formulas evaluation: 0:00:23.195586]
2024-10-24 16:03:55,276 - greedy - INFO - [avg time in epistemic formulas evaluation: 14.708678503487635]
2024-10-24 16:03:55,276 - greedy - INFO - [total_goal_size: 14]
2024-10-24 16:03:55,276 - greedy - INFO - [ontic_goal_size: 12]
2024-10-24 16:03:55,276 - greedy - INFO - [epistemic_goal_size: 2]
2024-10-24 16:03:55,276 - greedy - INFO - [ontic_goals: ['(!= (searched r1) 0)', '(!= (searched r2) 0)', '(!= (searched r3) 0)', '(!= (searched r4) 0)', '(!= (searched r7) 0)', '(!= (searched r8) 0)', '(!= (searched r9) 0)', '(!= (searched r10) 0)', '(!= (searched r11) 0)', '(!= (searched r12) 0)', "(= (agent_loc a) 'r3')", "(= (agent_loc b) 'r3')"]]
2024-10-24 16:03:55,276 - greedy - INFO - [epistemic_goals: ['(= (@ep ("$ b [a]") (= (survivor_loc s1) \'r4\')) ep.true)', '(= (@ep ("+ b [b]") (= (survivor_loc s1) \'r4\')) ep.true)']]
2024-10-24 16:03:55,276 - greedy - INFO - [goals: ['(!= (searched r1) 0)', '(!= (searched r2) 0)', '(!= (searched r3) 0)', '(!= (searched r4) 0)', '(!= (searched r7) 0)', '(!= (searched r8) 0)', '(!= (searched r9) 0)', '(!= (searched r10) 0)', '(!= (searched r11) 0)', '(!= (searched r12) 0)', "(= (agent_loc a) 'r3')", "(= (agent_loc b) 'r3')", '(= (@ep ("$ b [a]") (= (survivor_loc s1) \'r4\')) ep.true)', '(= (@ep ("+ b [b]") (= (survivor_loc s1) \'r4\')) ep.true)']]
2024-10-24 16:03:55,277 - greedy - INFO - [epistemic_call_time_max: 288.217]
2024-10-24 16:03:55,277 - greedy - INFO - [functions: 254]
2024-10-24 16:03:55,277 - greedy - INFO - [number of common perspective generated]: 0
2024-10-24 16:03:55,277 - greedy - INFO - [number of all iterations used when generating common perspectives]: 0
2024-10-24 16:03:55,277 - greedy - INFO - [number of max iterations used when generating common perspectives]: 0
2024-10-24 16:03:55,277 - greedy - INFO - [number of average iterations used when generating common perspectives]: 0
2024-10-24 16:03:55,277 - greedy - INFO - [number of averaged unfiltered branching factors]: 22.609375
2024-10-24 16:03:55,277 - greedy - INFO - [number of max unfiltered branching factors]: 28
2024-10-24 16:03:55,439 - instance_runner - INFO - initialization time: 0:00:00.015476
2024-10-24 16:03:55,439 - instance_runner - INFO - search time: 0:00:25.026868
