2024-10-25 11:51:51,627 - instance_runner - INFO - parser domain and problem
2024-10-25 11:51:51,627 - instance_runner - INFO - new_syntax/grid/domain.pddl
2024-10-25 11:51:51,627 - instance_runner - INFO - new_syntax/grid/problem_Broadcast_prob3.pddl
2024-10-25 11:51:51,627 - pddl_parser - INFO - Reading domain file
2024-10-25 11:51:51,627 - pddl_parser - INFO - new_syntax/grid/domain.pddl
2024-10-25 11:51:51,628 - pddl_parser - INFO - Parsing domain file
2024-10-25 11:51:51,629 - pddl_parser - INFO - Reading problem file
2024-10-25 11:51:51,629 - pddl_parser - INFO - new_syntax/grid/problem_Broadcast_prob3.pddl
2024-10-25 11:51:51,641 - pddl_parser - INFO - Parsing problem file
2024-10-25 11:51:51,644 - instance_runner - INFO - loading external function: new_syntax/grid/grid.py
2024-10-25 11:51:51,644 - instance_runner - INFO - finish loading external function
2024-10-25 11:51:51,644 - instance_runner - INFO - Initialize problem
2024-10-25 11:51:51,645 - epistemic_model - INFO - initialize epistemic model
2024-10-25 11:51:51,645 - instance_runner - INFO - starting search
2024-10-25 11:51:51,645 - greedy - INFO - starting searching using [greedy]
2024-10-25 11:51:52,046 - greedy - INFO - plan is: ['move b r4 r5', 'move b r5 r2', 'move b r2 r3', 'move b r3 r6', 'move c r9 r12', 'move c r12 r11', 'move c r11 r10', 'move c r10 r7', 'move c r7 r8', 'communicate_to_commander c s3 r8']
2024-10-25 11:51:52,047 - greedy - INFO - Goal found
2024-10-25 11:51:52,047 - greedy - INFO - [number of node pruned_by_unknown]: 2
2024-10-25 11:51:52,048 - greedy - INFO - [number of node pruned_by_visited]: 0
2024-10-25 11:51:52,048 - greedy - INFO - [number of node pruned]: 2
2024-10-25 11:51:52,048 - greedy - INFO - [number of node goal_checked]: 63
2024-10-25 11:51:52,048 - greedy - INFO - [number of node expansion]: 10
2024-10-25 11:51:52,048 - greedy - INFO - [number of node generated]: 61
2024-10-25 11:51:52,048 - greedy - INFO - [number of epistemic formulas evaluation: 73]
2024-10-25 11:51:52,048 - greedy - INFO - [time in epistemic formulas evaluation: 0:00:00.324627]
2024-10-25 11:51:52,048 - greedy - INFO - [avg time in epistemic formulas evaluation: 4.4469452054794525]
2024-10-25 11:51:52,049 - greedy - INFO - [total_goal_size: 15]
2024-10-25 11:51:52,049 - greedy - INFO - [ontic_goal_size: 12]
2024-10-25 11:51:52,049 - greedy - INFO - [epistemic_goal_size: 3]
2024-10-25 11:51:52,049 - greedy - INFO - [ontic_goals: ['(!= (searched r1) 0)', '(!= (searched r2) 0)', '(!= (searched r3) 0)', '(!= (searched r4) 0)', '(!= (searched r5) 0)', '(!= (searched r6) 0)', '(!= (searched r7) 0)', '(!= (searched r8) 0)', '(!= (searched r9) 0)', '(!= (searched r10) 0)', '(!= (searched r11) 0)', '(!= (searched r12) 0)']]
2024-10-25 11:51:52,049 - greedy - INFO - [epistemic_goals: ['(= (@ep ("$ b [a]") (= (survivor_loc s1) \'r4\')) ep.true)', '(= (@ep ("$ b [a]") (= (survivor_loc s2) \'r5\')) ep.true)', '(= (@ep ("+ b [a]") (= (survivor_loc s3) \'r8\')) ep.true)']]
2024-10-25 11:51:52,049 - greedy - INFO - [goals: ['(!= (searched r1) 0)', '(!= (searched r2) 0)', '(!= (searched r3) 0)', '(!= (searched r4) 0)', '(!= (searched r5) 0)', '(!= (searched r6) 0)', '(!= (searched r7) 0)', '(!= (searched r8) 0)', '(!= (searched r9) 0)', '(!= (searched r10) 0)', '(!= (searched r11) 0)', '(!= (searched r12) 0)', '(= (@ep ("$ b [a]") (= (survivor_loc s1) \'r4\')) ep.true)', '(= (@ep ("$ b [a]") (= (survivor_loc s2) \'r5\')) ep.true)', '(= (@ep ("+ b [a]") (= (survivor_loc s3) \'r8\')) ep.true)']]
2024-10-25 11:51:52,049 - greedy - INFO - [epistemic_call_time_max: 15.890999999999998]
2024-10-25 11:51:52,049 - greedy - INFO - [functions: 258]
2024-10-25 11:51:52,049 - greedy - INFO - [number of common perspective generated]: 0
2024-10-25 11:51:52,049 - greedy - INFO - [number of all iterations used when generating common perspectives]: 0
2024-10-25 11:51:52,049 - greedy - INFO - [number of max iterations used when generating common perspectives]: 0
2024-10-25 11:51:52,049 - greedy - INFO - [number of average iterations used when generating common perspectives]: 0
2024-10-25 11:51:52,049 - greedy - INFO - [number of averaged unfiltered branching factors]: 6.2
2024-10-25 11:51:52,049 - greedy - INFO - [number of max unfiltered branching factors]: 8
2024-10-25 11:51:52,051 - instance_runner - INFO - initialization time: 0:00:00.018438
2024-10-25 11:51:52,051 - instance_runner - INFO - search time: 0:00:00.406138
