2024-10-25 11:50:16,089 - instance_runner - INFO - parser domain and problem
2024-10-25 11:50:16,089 - instance_runner - INFO - new_syntax/grid/domain.pddl
2024-10-25 11:50:16,089 - instance_runner - INFO - new_syntax/grid/problem_BlockCells_prob4.pddl
2024-10-25 11:50:16,089 - pddl_parser - INFO - Reading domain file
2024-10-25 11:50:16,089 - pddl_parser - INFO - new_syntax/grid/domain.pddl
2024-10-25 11:50:16,091 - pddl_parser - INFO - Parsing domain file
2024-10-25 11:50:16,092 - pddl_parser - INFO - Reading problem file
2024-10-25 11:50:16,092 - pddl_parser - INFO - new_syntax/grid/problem_BlockCells_prob4.pddl
2024-10-25 11:50:16,107 - pddl_parser - INFO - Parsing problem file
2024-10-25 11:50:16,112 - instance_runner - INFO - loading external function: new_syntax/grid/grid.py
2024-10-25 11:50:16,113 - instance_runner - INFO - finish loading external function
2024-10-25 11:50:16,113 - instance_runner - INFO - Initialize problem
2024-10-25 11:50:16,113 - epistemic_model - INFO - initialize epistemic model
2024-10-25 11:50:16,113 - instance_runner - INFO - starting search
2024-10-25 11:50:16,113 - greedy - INFO - starting searching using [greedy]
2024-10-25 11:51:50,562 - greedy - INFO - plan is: ['blockable_share a r1', 'move_blockable b r4 r1', 'move_blockable d r2 r1', 'blockable_share d r2', 'move_blockable a r1 r2', 'move_blockable b r1 r2', 'sense a r2 r3', 'move_blockable a r2 r3', 'blockable_share a r3', 'move_blockable b r2 r3', 'sense c r9 r12', 'move_blockable c r9 r12', 'sense c r12 r11', 'move_blockable c r12 r11', 'sense c r11 r10', 'move_blockable c r11 r10', 'sense c r10 r7', 'move_blockable c r10 r7', 'sense c r7 r8', 'move_blockable c r7 r8']
2024-10-25 11:51:50,563 - greedy - INFO - Goal found
2024-10-25 11:51:50,563 - greedy - INFO - [number of node pruned_by_unknown]: 12
2024-10-25 11:51:50,563 - greedy - INFO - [number of node pruned_by_visited]: 77
2024-10-25 11:51:50,563 - greedy - INFO - [number of node pruned]: 89
2024-10-25 11:51:50,564 - greedy - INFO - [number of node goal_checked]: 2170
2024-10-25 11:51:50,564 - greedy - INFO - [number of node expansion]: 75
2024-10-25 11:51:50,564 - greedy - INFO - [number of node generated]: 2158
2024-10-25 11:51:50,564 - greedy - INFO - [number of epistemic formulas evaluation: 2322]
2024-10-25 11:51:50,564 - greedy - INFO - [time in epistemic formulas evaluation: 0:01:30.846194]
2024-10-25 11:51:50,564 - greedy - INFO - [avg time in epistemic formulas evaluation: 39.124114556416885]
2024-10-25 11:51:50,565 - greedy - INFO - [total_goal_size: 16]
2024-10-25 11:51:50,565 - greedy - INFO - [ontic_goal_size: 12]
2024-10-25 11:51:50,565 - greedy - INFO - [epistemic_goal_size: 4]
2024-10-25 11:51:50,565 - greedy - INFO - [ontic_goals: ['(!= (searched r1) 0)', '(!= (searched r2) 0)', '(!= (searched r3) 0)', '(!= (searched r4) 0)', '(!= (searched r7) 0)', '(!= (searched r8) 0)', '(!= (searched r9) 0)', '(!= (searched r10) 0)', '(!= (searched r11) 0)', '(!= (searched r12) 0)', "(= (agent_loc a) 'r3')", "(= (agent_loc b) 'r3')"]]
2024-10-25 11:51:50,565 - greedy - INFO - [epistemic_goals: ['(= (@ep ("$ b [a]") (= (survivor_loc s1) \'r4\')) ep.true)', '(= (@ep ("+ b [b]") (= (survivor_loc s1) \'r4\')) ep.true)', '(= (@ep ("$ b [c]") (= (survivor_loc s1) \'r4\')) ep.true)', '(= (@ep ("$ b [d]") (= (survivor_loc s1) \'r4\')) ep.true)']]
2024-10-25 11:51:50,565 - greedy - INFO - [goals: ['(!= (searched r1) 0)', '(!= (searched r2) 0)', '(!= (searched r3) 0)', '(!= (searched r4) 0)', '(!= (searched r7) 0)', '(!= (searched r8) 0)', '(!= (searched r9) 0)', '(!= (searched r10) 0)', '(!= (searched r11) 0)', '(!= (searched r12) 0)', "(= (agent_loc a) 'r3')", "(= (agent_loc b) 'r3')", '(= (@ep ("$ b [a]") (= (survivor_loc s1) \'r4\')) ep.true)', '(= (@ep ("+ b [b]") (= (survivor_loc s1) \'r4\')) ep.true)', '(= (@ep ("$ b [c]") (= (survivor_loc s1) \'r4\')) ep.true)', '(= (@ep ("$ b [d]") (= (survivor_loc s1) \'r4\')) ep.true)']]
2024-10-25 11:51:50,565 - greedy - INFO - [epistemic_call_time_max: 1116.0449999999998]
2024-10-25 11:51:50,565 - greedy - INFO - [functions: 270]
2024-10-25 11:51:50,565 - greedy - INFO - [number of common perspective generated]: 0
2024-10-25 11:51:50,565 - greedy - INFO - [number of all iterations used when generating common perspectives]: 0
2024-10-25 11:51:50,565 - greedy - INFO - [number of max iterations used when generating common perspectives]: 0
2024-10-25 11:51:50,565 - greedy - INFO - [number of average iterations used when generating common perspectives]: 0
2024-10-25 11:51:50,565 - greedy - INFO - [number of averaged unfiltered branching factors]: 28.92
2024-10-25 11:51:50,565 - greedy - INFO - [number of max unfiltered branching factors]: 36
2024-10-25 11:51:51,180 - instance_runner - INFO - initialization time: 0:00:00.024264
2024-10-25 11:51:51,181 - instance_runner - INFO - search time: 0:01:35.067149
