2024-10-24 15:13:28,316 - instance_runner - INFO - parser domain and problem
2024-10-24 15:13:28,316 - instance_runner - INFO - new_syntax/grid/domain.pddl
2024-10-24 15:13:28,316 - instance_runner - INFO - new_syntax/grid/problem_EpGoal_prob4.pddl
2024-10-24 15:13:28,316 - pddl_parser - INFO - Reading domain file
2024-10-24 15:13:28,316 - pddl_parser - INFO - new_syntax/grid/domain.pddl
2024-10-24 15:13:28,317 - pddl_parser - INFO - Parsing domain file
2024-10-24 15:13:28,317 - pddl_parser - INFO - Reading problem file
2024-10-24 15:13:28,317 - pddl_parser - INFO - new_syntax/grid/problem_EpGoal_prob4.pddl
2024-10-24 15:13:28,337 - pddl_parser - INFO - Parsing problem file
2024-10-24 15:13:28,341 - instance_runner - INFO - loading external function: new_syntax/grid/grid.py
2024-10-24 15:13:28,342 - instance_runner - INFO - finish loading external function
2024-10-24 15:13:28,342 - instance_runner - INFO - Initialize problem
2024-10-24 15:13:28,342 - epistemic_model - INFO - initialize epistemic model
2024-10-24 15:13:28,342 - instance_runner - INFO - starting search
2024-10-24 15:13:28,342 - greedy - INFO - starting searching using [greedy]
2024-10-24 15:13:29,529 - greedy - INFO - plan is: ['communicate_to_commander b s1 r4', 'move d r2 r5', 'communicate_to_commander d s2 r5', 'move c r9 r8', 'communicate_to_commander c s3 r8', 'move b r4 r7', 'move b r7 r10', 'move b r10 r11', 'move b r11 r12', 'move d r5 r6', 'move d r6 r3']
2024-10-24 15:13:29,530 - greedy - INFO - Goal found
2024-10-24 15:13:29,530 - greedy - INFO - [number of node pruned_by_unknown]: 0
2024-10-24 15:13:29,530 - greedy - INFO - [number of node pruned_by_visited]: 0
2024-10-24 15:13:29,530 - greedy - INFO - [number of node pruned]: 0
2024-10-24 15:13:29,530 - greedy - INFO - [number of node goal_checked]: 117
2024-10-24 15:13:29,530 - greedy - INFO - [number of node expansion]: 11
2024-10-24 15:13:29,530 - greedy - INFO - [number of node generated]: 117
2024-10-24 15:13:29,530 - greedy - INFO - [number of epistemic formulas evaluation: 128]
2024-10-24 15:13:29,530 - greedy - INFO - [time in epistemic formulas evaluation: 0:00:01.105460]
2024-10-24 15:13:29,530 - greedy - INFO - [avg time in epistemic formulas evaluation: 8.63640625]
2024-10-24 15:13:29,530 - greedy - INFO - [total_goal_size: 24]
2024-10-24 15:13:29,530 - greedy - INFO - [ontic_goal_size: 12]
2024-10-24 15:13:29,530 - greedy - INFO - [epistemic_goal_size: 12]
2024-10-24 15:13:29,530 - greedy - INFO - [ontic_goals: ['(!= (searched r1) 0)', '(!= (searched r2) 0)', '(!= (searched r3) 0)', '(!= (searched r4) 0)', '(!= (searched r5) 0)', '(!= (searched r6) 0)', '(!= (searched r7) 0)', '(!= (searched r8) 0)', '(!= (searched r9) 0)', '(!= (searched r10) 0)', '(!= (searched r11) 0)', '(!= (searched r12) 0)']]
2024-10-24 15:13:29,530 - greedy - INFO - [epistemic_goals: ['(= (@ep ("+ b [a]") (= (survivor_loc s1) \'r4\')) ep.true)', '(= (@ep ("+ b [a]") (= (survivor_loc s2) \'r5\')) ep.true)', '(= (@ep ("+ b [a]") (= (survivor_loc s3) \'r8\')) ep.true)', '(= (@ep ("+ b [b]") (= (survivor_loc s1) \'r4\')) ep.true)', '(= (@ep ("+ b [b]") (= (survivor_loc s2) \'r5\')) ep.true)', '(= (@ep ("+ b [b]") (= (survivor_loc s3) \'r8\')) ep.true)', '(= (@ep ("+ b [c]") (= (survivor_loc s1) \'r4\')) ep.true)', '(= (@ep ("+ b [c]") (= (survivor_loc s2) \'r5\')) ep.true)', '(= (@ep ("+ b [c]") (= (survivor_loc s3) \'r8\')) ep.true)', '(= (@ep ("+ b [d]") (= (survivor_loc s1) \'r4\')) ep.true)', '(= (@ep ("+ b [d]") (= (survivor_loc s2) \'r5\')) ep.true)', '(= (@ep ("+ b [d]") (= (survivor_loc s3) \'r8\')) ep.true)']]
2024-10-24 15:13:29,530 - greedy - INFO - [goals: ['(!= (searched r1) 0)', '(!= (searched r2) 0)', '(!= (searched r3) 0)', '(!= (searched r4) 0)', '(!= (searched r5) 0)', '(!= (searched r6) 0)', '(!= (searched r7) 0)', '(!= (searched r8) 0)', '(!= (searched r9) 0)', '(!= (searched r10) 0)', '(!= (searched r11) 0)', '(!= (searched r12) 0)', '(= (@ep ("+ b [a]") (= (survivor_loc s1) \'r4\')) ep.true)', '(= (@ep ("+ b [a]") (= (survivor_loc s2) \'r5\')) ep.true)', '(= (@ep ("+ b [a]") (= (survivor_loc s3) \'r8\')) ep.true)', '(= (@ep ("+ b [b]") (= (survivor_loc s1) \'r4\')) ep.true)', '(= (@ep ("+ b [b]") (= (survivor_loc s2) \'r5\')) ep.true)', '(= (@ep ("+ b [b]") (= (survivor_loc s3) \'r8\')) ep.true)', '(= (@ep ("+ b [c]") (= (survivor_loc s1) \'r4\')) ep.true)', '(= (@ep ("+ b [c]") (= (survivor_loc s2) \'r5\')) ep.true)', '(= (@ep ("+ b [c]") (= (survivor_loc s3) \'r8\')) ep.true)', '(= (@ep ("+ b [d]") (= (survivor_loc s1) \'r4\')) ep.true)', '(= (@ep ("+ b [d]") (= (survivor_loc s2) \'r5\')) ep.true)', '(= (@ep ("+ b [d]") (= (survivor_loc s3) \'r8\')) ep.true)']]
2024-10-24 15:13:29,530 - greedy - INFO - [epistemic_call_time_max: 18.53]
2024-10-24 15:13:29,530 - greedy - INFO - [functions: 274]
2024-10-24 15:13:29,530 - greedy - INFO - [number of common perspective generated]: 0
2024-10-24 15:13:29,530 - greedy - INFO - [number of all iterations used when generating common perspectives]: 0
2024-10-24 15:13:29,531 - greedy - INFO - [number of max iterations used when generating common perspectives]: 0
2024-10-24 15:13:29,531 - greedy - INFO - [number of average iterations used when generating common perspectives]: 0
2024-10-24 15:13:29,531 - greedy - INFO - [number of averaged unfiltered branching factors]: 10.545454545454545
2024-10-24 15:13:29,531 - greedy - INFO - [number of max unfiltered branching factors]: 12
2024-10-24 15:13:29,537 - instance_runner - INFO - initialization time: 0:00:00.026271
2024-10-24 15:13:29,537 - instance_runner - INFO - search time: 0:00:01.194779
