2024-10-24 16:05:00,695 - instance_runner - INFO - parser domain and problem
2024-10-24 16:05:00,695 - instance_runner - INFO - new_syntax/grid/domain.pddl
2024-10-24 16:05:00,695 - instance_runner - INFO - new_syntax/grid/problem_NonBroadcast_prob4.pddl
2024-10-24 16:05:00,695 - pddl_parser - INFO - Reading domain file
2024-10-24 16:05:00,695 - pddl_parser - INFO - new_syntax/grid/domain.pddl
2024-10-24 16:05:00,697 - pddl_parser - INFO - Parsing domain file
2024-10-24 16:05:00,698 - pddl_parser - INFO - Reading problem file
2024-10-24 16:05:00,698 - pddl_parser - INFO - new_syntax/grid/problem_NonBroadcast_prob4.pddl
2024-10-24 16:05:00,702 - pddl_parser - INFO - Parsing problem file
2024-10-24 16:05:00,705 - instance_runner - INFO - loading external function: new_syntax/grid/grid.py
2024-10-24 16:05:00,705 - instance_runner - INFO - finish loading external function
2024-10-24 16:05:00,705 - instance_runner - INFO - Initialize problem
2024-10-24 16:05:00,706 - epistemic_model - INFO - initialize epistemic model
2024-10-24 16:05:00,706 - instance_runner - INFO - starting search
2024-10-24 16:05:00,706 - greedy - INFO - starting searching using [greedy]
2024-10-24 16:05:04,335 - greedy - INFO - plan is: ['move d r2 r3', 'communicate_to_commander b s1 r4', 'move b r4 r5', 'communicate_to_commander b s2 r5', 'move b r5 r6', 'move c r9 r12', 'move c r12 r11', 'move c r11 r10', 'move c r10 r7', 'move c r7 r8', 'move b r6 r5', 'move c r8 r11', 'move b r5 r8', 'communicate_to_commander b s3 r8']
2024-10-24 16:05:04,335 - greedy - INFO - Goal found
2024-10-24 16:05:04,335 - greedy - INFO - [number of node pruned_by_unknown]: 0
2024-10-24 16:05:04,335 - greedy - INFO - [number of node pruned_by_visited]: 30
2024-10-24 16:05:04,335 - greedy - INFO - [number of node pruned]: 30
2024-10-24 16:05:04,335 - greedy - INFO - [number of node goal_checked]: 379
2024-10-24 16:05:04,336 - greedy - INFO - [number of node expansion]: 54
2024-10-24 16:05:04,336 - greedy - INFO - [number of node generated]: 379
2024-10-24 16:05:04,336 - greedy - INFO - [number of epistemic formulas evaluation: 463]
2024-10-24 16:05:04,336 - greedy - INFO - [time in epistemic formulas evaluation: 0:00:03.176026]
2024-10-24 16:05:04,336 - greedy - INFO - [avg time in epistemic formulas evaluation: 6.859667386609071]
2024-10-24 16:05:04,336 - greedy - INFO - [total_goal_size: 15]
2024-10-24 16:05:04,336 - greedy - INFO - [ontic_goal_size: 12]
2024-10-24 16:05:04,336 - greedy - INFO - [epistemic_goal_size: 3]
2024-10-24 16:05:04,336 - greedy - INFO - [ontic_goals: ['(!= (searched r1) 0)', '(!= (searched r2) 0)', '(!= (searched r3) 0)', '(!= (searched r4) 0)', '(!= (searched r5) 0)', '(!= (searched r6) 0)', '(!= (searched r7) 0)', '(!= (searched r8) 0)', '(!= (searched r9) 0)', '(!= (searched r10) 0)', '(!= (searched r11) 0)', '(!= (searched r12) 0)']]
2024-10-24 16:05:04,336 - greedy - INFO - [epistemic_goals: ['(= (@ep ("+ b [a]") (= (survivor_loc s1) \'r4\')) ep.true)', '(= (@ep ("+ b [a]") (= (survivor_loc s2) \'r5\')) ep.true)', '(= (@ep ("+ b [a]") (= (survivor_loc s3) \'r8\')) ep.true)']]
2024-10-24 16:05:04,336 - greedy - INFO - [goals: ['(!= (searched r1) 0)', '(!= (searched r2) 0)', '(!= (searched r3) 0)', '(!= (searched r4) 0)', '(!= (searched r5) 0)', '(!= (searched r6) 0)', '(!= (searched r7) 0)', '(!= (searched r8) 0)', '(!= (searched r9) 0)', '(!= (searched r10) 0)', '(!= (searched r11) 0)', '(!= (searched r12) 0)', '(= (@ep ("+ b [a]") (= (survivor_loc s1) \'r4\')) ep.true)', '(= (@ep ("+ b [a]") (= (survivor_loc s2) \'r5\')) ep.true)', '(= (@ep ("+ b [a]") (= (survivor_loc s3) \'r8\')) ep.true)']]
2024-10-24 16:05:04,336 - greedy - INFO - [epistemic_call_time_max: 16.462]
2024-10-24 16:05:04,336 - greedy - INFO - [functions: 274]
2024-10-24 16:05:04,336 - greedy - INFO - [number of common perspective generated]: 0
2024-10-24 16:05:04,336 - greedy - INFO - [number of all iterations used when generating common perspectives]: 0
2024-10-24 16:05:04,336 - greedy - INFO - [number of max iterations used when generating common perspectives]: 0
2024-10-24 16:05:04,336 - greedy - INFO - [number of average iterations used when generating common perspectives]: 0
2024-10-24 16:05:04,337 - greedy - INFO - [number of averaged unfiltered branching factors]: 7.0
2024-10-24 16:05:04,337 - greedy - INFO - [number of max unfiltered branching factors]: 10
2024-10-24 16:05:04,355 - instance_runner - INFO - initialization time: 0:00:00.011047
2024-10-24 16:05:04,355 - instance_runner - INFO - search time: 0:00:03.649521
