2024-10-24 16:04:57,864 - instance_runner - INFO - parser domain and problem
2024-10-24 16:04:57,864 - instance_runner - INFO - new_syntax/grid/domain.pddl
2024-10-24 16:04:57,864 - instance_runner - INFO - new_syntax/grid/problem_NonBroadcast_prob3.pddl
2024-10-24 16:04:57,864 - pddl_parser - INFO - Reading domain file
2024-10-24 16:04:57,864 - pddl_parser - INFO - new_syntax/grid/domain.pddl
2024-10-24 16:04:57,865 - pddl_parser - INFO - Parsing domain file
2024-10-24 16:04:57,866 - pddl_parser - INFO - Reading problem file
2024-10-24 16:04:57,866 - pddl_parser - INFO - new_syntax/grid/problem_NonBroadcast_prob3.pddl
2024-10-24 16:04:57,870 - pddl_parser - INFO - Parsing problem file
2024-10-24 16:04:57,872 - instance_runner - INFO - loading external function: new_syntax/grid/grid.py
2024-10-24 16:04:57,872 - instance_runner - INFO - finish loading external function
2024-10-24 16:04:57,872 - instance_runner - INFO - Initialize problem
2024-10-24 16:04:57,872 - epistemic_model - INFO - initialize epistemic model
2024-10-24 16:04:57,873 - instance_runner - INFO - starting search
2024-10-24 16:04:57,873 - greedy - INFO - starting searching using [greedy]
2024-10-24 16:05:00,666 - greedy - INFO - plan is: ['communicate_to_commander b s1 r4', 'move b r4 r5', 'communicate_to_commander b s2 r5', 'move b r5 r2', 'move b r2 r3', 'move b r3 r6', 'move c r9 r12', 'move c r12 r11', 'move c r11 r10', 'move c r10 r7', 'move c r7 r8', 'move b r6 r5', 'move c r8 r11', 'move b r5 r8', 'communicate_to_commander b s3 r8']
2024-10-24 16:05:00,666 - greedy - INFO - Goal found
2024-10-24 16:05:00,667 - greedy - INFO - [number of node pruned_by_unknown]: 0
2024-10-24 16:05:00,667 - greedy - INFO - [number of node pruned_by_visited]: 46
2024-10-24 16:05:00,667 - greedy - INFO - [number of node pruned]: 46
2024-10-24 16:05:00,667 - greedy - INFO - [number of node goal_checked]: 282
2024-10-24 16:05:00,667 - greedy - INFO - [number of node expansion]: 51
2024-10-24 16:05:00,667 - greedy - INFO - [number of node generated]: 282
2024-10-24 16:05:00,667 - greedy - INFO - [number of epistemic formulas evaluation: 379]
2024-10-24 16:05:00,667 - greedy - INFO - [time in epistemic formulas evaluation: 0:00:02.401259]
2024-10-24 16:05:00,667 - greedy - INFO - [avg time in epistemic formulas evaluation: 6.335775725593668]
2024-10-24 16:05:00,667 - greedy - INFO - [total_goal_size: 15]
2024-10-24 16:05:00,667 - greedy - INFO - [ontic_goal_size: 12]
2024-10-24 16:05:00,667 - greedy - INFO - [epistemic_goal_size: 3]
2024-10-24 16:05:00,667 - greedy - INFO - [ontic_goals: ['(!= (searched r1) 0)', '(!= (searched r2) 0)', '(!= (searched r3) 0)', '(!= (searched r4) 0)', '(!= (searched r5) 0)', '(!= (searched r6) 0)', '(!= (searched r7) 0)', '(!= (searched r8) 0)', '(!= (searched r9) 0)', '(!= (searched r10) 0)', '(!= (searched r11) 0)', '(!= (searched r12) 0)']]
2024-10-24 16:05:00,667 - greedy - INFO - [epistemic_goals: ['(= (@ep ("+ b [a]") (= (survivor_loc s1) \'r4\')) ep.true)', '(= (@ep ("+ b [a]") (= (survivor_loc s2) \'r5\')) ep.true)', '(= (@ep ("+ b [a]") (= (survivor_loc s3) \'r8\')) ep.true)']]
2024-10-24 16:05:00,667 - greedy - INFO - [goals: ['(!= (searched r1) 0)', '(!= (searched r2) 0)', '(!= (searched r3) 0)', '(!= (searched r4) 0)', '(!= (searched r5) 0)', '(!= (searched r6) 0)', '(!= (searched r7) 0)', '(!= (searched r8) 0)', '(!= (searched r9) 0)', '(!= (searched r10) 0)', '(!= (searched r11) 0)', '(!= (searched r12) 0)', '(= (@ep ("+ b [a]") (= (survivor_loc s1) \'r4\')) ep.true)', '(= (@ep ("+ b [a]") (= (survivor_loc s2) \'r5\')) ep.true)', '(= (@ep ("+ b [a]") (= (survivor_loc s3) \'r8\')) ep.true)']]
2024-10-24 16:05:00,667 - greedy - INFO - [epistemic_call_time_max: 12.576]
2024-10-24 16:05:00,667 - greedy - INFO - [functions: 258]
2024-10-24 16:05:00,667 - greedy - INFO - [number of common perspective generated]: 0
2024-10-24 16:05:00,667 - greedy - INFO - [number of all iterations used when generating common perspectives]: 0
2024-10-24 16:05:00,667 - greedy - INFO - [number of max iterations used when generating common perspectives]: 0
2024-10-24 16:05:00,667 - greedy - INFO - [number of average iterations used when generating common perspectives]: 0
2024-10-24 16:05:00,667 - greedy - INFO - [number of averaged unfiltered branching factors]: 5.509803921568627
2024-10-24 16:05:00,668 - greedy - INFO - [number of max unfiltered branching factors]: 8
2024-10-24 16:05:00,673 - instance_runner - INFO - initialization time: 0:00:00.008823
2024-10-24 16:05:00,673 - instance_runner - INFO - search time: 0:00:02.800156
