2024-10-24 16:05:04,367 - instance_runner - INFO - parser domain and problem
2024-10-24 16:05:04,367 - instance_runner - INFO - new_syntax/grid/domain.pddl
2024-10-24 16:05:04,368 - instance_runner - INFO - new_syntax/grid/problem_NonEp_prob1.pddl
2024-10-24 16:05:04,368 - pddl_parser - INFO - Reading domain file
2024-10-24 16:05:04,368 - pddl_parser - INFO - new_syntax/grid/domain.pddl
2024-10-24 16:05:04,369 - pddl_parser - INFO - Parsing domain file
2024-10-24 16:05:04,370 - pddl_parser - INFO - Reading problem file
2024-10-24 16:05:04,370 - pddl_parser - INFO - new_syntax/grid/problem_NonEp_prob1.pddl
2024-10-24 16:05:04,375 - pddl_parser - INFO - Parsing problem file
2024-10-24 16:05:04,379 - instance_runner - INFO - loading external function: new_syntax/grid/grid.py
2024-10-24 16:05:04,380 - instance_runner - INFO - finish loading external function
2024-10-24 16:05:04,381 - instance_runner - INFO - Initialize problem
2024-10-24 16:05:04,382 - epistemic_model - INFO - initialize epistemic model
2024-10-24 16:05:04,382 - instance_runner - INFO - starting search
2024-10-24 16:05:04,383 - greedy - INFO - starting searching using [greedy]
2024-10-24 16:05:04,454 - greedy - INFO - plan is: ['move a r1 r2', 'move a r2 r3', 'move a r3 r6', 'move a r6 r5', 'move a r5 r8', 'move a r8 r7']
2024-10-24 16:05:04,454 - greedy - INFO - Goal found
2024-10-24 16:05:04,454 - greedy - INFO - [number of node pruned_by_unknown]: 0
2024-10-24 16:05:04,454 - greedy - INFO - [number of node pruned_by_visited]: 0
2024-10-24 16:05:04,454 - greedy - INFO - [number of node pruned]: 0
2024-10-24 16:05:04,454 - greedy - INFO - [number of node goal_checked]: 48
2024-10-24 16:05:04,454 - greedy - INFO - [number of node expansion]: 6
2024-10-24 16:05:04,454 - greedy - INFO - [number of node generated]: 48
2024-10-24 16:05:04,454 - greedy - INFO - [number of epistemic formulas evaluation: 6]
2024-10-24 16:05:04,455 - greedy - INFO - [time in epistemic formulas evaluation: 0:00:00.031298]
2024-10-24 16:05:04,455 - greedy - INFO - [avg time in epistemic formulas evaluation: 5.216333333333333]
2024-10-24 16:05:04,455 - greedy - INFO - [total_goal_size: 9]
2024-10-24 16:05:04,455 - greedy - INFO - [ontic_goal_size: 9]
2024-10-24 16:05:04,455 - greedy - INFO - [epistemic_goal_size: 0]
2024-10-24 16:05:04,455 - greedy - INFO - [ontic_goals: ['(!= (searched r1) 0)', '(!= (searched r2) 0)', '(!= (searched r3) 0)', '(!= (searched r4) 0)', '(!= (searched r5) 0)', '(!= (searched r6) 0)', '(!= (searched r7) 0)', '(!= (searched r8) 0)', '(!= (searched r9) 0)']]
2024-10-24 16:05:04,455 - greedy - INFO - [epistemic_goals: []]
2024-10-24 16:05:04,455 - greedy - INFO - [goals: ['(!= (searched r1) 0)', '(!= (searched r2) 0)', '(!= (searched r3) 0)', '(!= (searched r4) 0)', '(!= (searched r5) 0)', '(!= (searched r6) 0)', '(!= (searched r7) 0)', '(!= (searched r8) 0)', '(!= (searched r9) 0)']]
2024-10-24 16:05:04,455 - greedy - INFO - [epistemic_call_time_max: 8.745]
2024-10-24 16:05:04,455 - greedy - INFO - [functions: 171]
2024-10-24 16:05:04,455 - greedy - INFO - [number of common perspective generated]: 0
2024-10-24 16:05:04,455 - greedy - INFO - [number of all iterations used when generating common perspectives]: 0
2024-10-24 16:05:04,455 - greedy - INFO - [number of max iterations used when generating common perspectives]: 0
2024-10-24 16:05:04,455 - greedy - INFO - [number of average iterations used when generating common perspectives]: 0
2024-10-24 16:05:04,455 - greedy - INFO - [number of averaged unfiltered branching factors]: 7.833333333333333
2024-10-24 16:05:04,455 - greedy - INFO - [number of max unfiltered branching factors]: 9
2024-10-24 16:05:04,455 - instance_runner - INFO - initialization time: 0:00:00.015021
2024-10-24 16:05:04,455 - instance_runner - INFO - search time: 0:00:00.073210
