2024-10-24 15:13:27,167 - instance_runner - INFO - parser domain and problem
2024-10-24 15:13:27,167 - instance_runner - INFO - new_syntax/grid/domain.pddl
2024-10-24 15:13:27,167 - instance_runner - INFO - new_syntax/grid/problem_EpGoal_prob2.pddl
2024-10-24 15:13:27,167 - pddl_parser - INFO - Reading domain file
2024-10-24 15:13:27,167 - pddl_parser - INFO - new_syntax/grid/domain.pddl
2024-10-24 15:13:27,167 - pddl_parser - INFO - Parsing domain file
2024-10-24 15:13:27,168 - pddl_parser - INFO - Reading problem file
2024-10-24 15:13:27,168 - pddl_parser - INFO - new_syntax/grid/problem_EpGoal_prob2.pddl
2024-10-24 15:13:27,184 - pddl_parser - INFO - Parsing problem file
2024-10-24 15:13:27,187 - instance_runner - INFO - loading external function: new_syntax/grid/grid.py
2024-10-24 15:13:27,187 - instance_runner - INFO - finish loading external function
2024-10-24 15:13:27,187 - instance_runner - INFO - Initialize problem
2024-10-24 15:13:27,188 - epistemic_model - INFO - initialize epistemic model
2024-10-24 15:13:27,188 - instance_runner - INFO - starting search
2024-10-24 15:13:27,188 - greedy - INFO - starting searching using [greedy]
2024-10-24 15:13:27,913 - greedy - INFO - plan is: ['communicate_to_commander b s1 r4', 'move b r4 r5', 'communicate_to_commander b s2 r5', 'move b r5 r8', 'communicate_to_commander b s3 r8', 'move a r1 r2', 'move a r2 r3', 'move a r3 r6', 'move b r8 r11', 'move b r11 r10', 'move b r10 r7', 'move c r9 r12']
2024-10-24 15:13:27,913 - greedy - INFO - Goal found
2024-10-24 15:13:27,913 - greedy - INFO - [number of node pruned_by_unknown]: 0
2024-10-24 15:13:27,913 - greedy - INFO - [number of node pruned_by_visited]: 0
2024-10-24 15:13:27,913 - greedy - INFO - [number of node pruned]: 0
2024-10-24 15:13:27,913 - greedy - INFO - [number of node goal_checked]: 95
2024-10-24 15:13:27,913 - greedy - INFO - [number of node expansion]: 12
2024-10-24 15:13:27,913 - greedy - INFO - [number of node generated]: 95
2024-10-24 15:13:27,913 - greedy - INFO - [number of epistemic formulas evaluation: 107]
2024-10-24 15:13:27,914 - greedy - INFO - [time in epistemic formulas evaluation: 0:00:00.670383]
2024-10-24 15:13:27,914 - greedy - INFO - [avg time in epistemic formulas evaluation: 6.26526168224299]
2024-10-24 15:13:27,914 - greedy - INFO - [total_goal_size: 21]
2024-10-24 15:13:27,914 - greedy - INFO - [ontic_goal_size: 12]
2024-10-24 15:13:27,914 - greedy - INFO - [epistemic_goal_size: 9]
2024-10-24 15:13:27,914 - greedy - INFO - [ontic_goals: ['(!= (searched r1) 0)', '(!= (searched r2) 0)', '(!= (searched r3) 0)', '(!= (searched r4) 0)', '(!= (searched r5) 0)', '(!= (searched r6) 0)', '(!= (searched r7) 0)', '(!= (searched r8) 0)', '(!= (searched r9) 0)', '(!= (searched r10) 0)', '(!= (searched r11) 0)', '(!= (searched r12) 0)']]
2024-10-24 15:13:27,914 - greedy - INFO - [epistemic_goals: ['(= (@ep ("+ b [a]") (= (survivor_loc s1) \'r4\')) ep.true)', '(= (@ep ("+ b [a]") (= (survivor_loc s2) \'r5\')) ep.true)', '(= (@ep ("+ b [a]") (= (survivor_loc s3) \'r8\')) ep.true)', '(= (@ep ("+ b [b]") (= (survivor_loc s1) \'r4\')) ep.true)', '(= (@ep ("+ b [b]") (= (survivor_loc s2) \'r5\')) ep.true)', '(= (@ep ("+ b [b]") (= (survivor_loc s3) \'r8\')) ep.true)', '(= (@ep ("+ b [c]") (= (survivor_loc s1) \'r4\')) ep.true)', '(= (@ep ("+ b [c]") (= (survivor_loc s2) \'r5\')) ep.true)', '(= (@ep ("+ b [c]") (= (survivor_loc s3) \'r8\')) ep.true)']]
2024-10-24 15:13:27,914 - greedy - INFO - [goals: ['(!= (searched r1) 0)', '(!= (searched r2) 0)', '(!= (searched r3) 0)', '(!= (searched r4) 0)', '(!= (searched r5) 0)', '(!= (searched r6) 0)', '(!= (searched r7) 0)', '(!= (searched r8) 0)', '(!= (searched r9) 0)', '(!= (searched r10) 0)', '(!= (searched r11) 0)', '(!= (searched r12) 0)', '(= (@ep ("+ b [a]") (= (survivor_loc s1) \'r4\')) ep.true)', '(= (@ep ("+ b [a]") (= (survivor_loc s2) \'r5\')) ep.true)', '(= (@ep ("+ b [a]") (= (survivor_loc s3) \'r8\')) ep.true)', '(= (@ep ("+ b [b]") (= (survivor_loc s1) \'r4\')) ep.true)', '(= (@ep ("+ b [b]") (= (survivor_loc s2) \'r5\')) ep.true)', '(= (@ep ("+ b [b]") (= (survivor_loc s3) \'r8\')) ep.true)', '(= (@ep ("+ b [c]") (= (survivor_loc s1) \'r4\')) ep.true)', '(= (@ep ("+ b [c]") (= (survivor_loc s2) \'r5\')) ep.true)', '(= (@ep ("+ b [c]") (= (survivor_loc s3) \'r8\')) ep.true)']]
2024-10-24 15:13:27,914 - greedy - INFO - [epistemic_call_time_max: 19.254]
2024-10-24 15:13:27,914 - greedy - INFO - [functions: 258]
2024-10-24 15:13:27,914 - greedy - INFO - [number of common perspective generated]: 0
2024-10-24 15:13:27,914 - greedy - INFO - [number of all iterations used when generating common perspectives]: 0
2024-10-24 15:13:27,914 - greedy - INFO - [number of max iterations used when generating common perspectives]: 0
2024-10-24 15:13:27,914 - greedy - INFO - [number of average iterations used when generating common perspectives]: 0
2024-10-24 15:13:27,914 - greedy - INFO - [number of averaged unfiltered branching factors]: 7.833333333333333
2024-10-24 15:13:27,914 - greedy - INFO - [number of max unfiltered branching factors]: 10
2024-10-24 15:13:27,918 - instance_runner - INFO - initialization time: 0:00:00.021157
2024-10-24 15:13:27,918 - instance_runner - INFO - search time: 0:00:00.729944
