2024-10-24 15:13:34,064 - instance_runner - INFO - parser domain and problem
2024-10-24 15:13:34,065 - instance_runner - INFO - new_syntax/grid/domain.pddl
2024-10-24 15:13:34,065 - instance_runner - INFO - new_syntax/grid/problem_NonEp_prob2.pddl
2024-10-24 15:13:34,065 - pddl_parser - INFO - Reading domain file
2024-10-24 15:13:34,065 - pddl_parser - INFO - new_syntax/grid/domain.pddl
2024-10-24 15:13:34,068 - pddl_parser - INFO - Parsing domain file
2024-10-24 15:13:34,071 - pddl_parser - INFO - Reading problem file
2024-10-24 15:13:34,072 - pddl_parser - INFO - new_syntax/grid/problem_NonEp_prob2.pddl
2024-10-24 15:13:34,081 - pddl_parser - INFO - Parsing problem file
2024-10-24 15:13:34,084 - instance_runner - INFO - loading external function: new_syntax/grid/grid.py
2024-10-24 15:13:34,085 - instance_runner - INFO - finish loading external function
2024-10-24 15:13:34,085 - instance_runner - INFO - Initialize problem
2024-10-24 15:13:34,085 - epistemic_model - INFO - initialize epistemic model
2024-10-24 15:13:34,085 - instance_runner - INFO - starting search
2024-10-24 15:13:34,085 - greedy - INFO - starting searching using [greedy]
2024-10-24 15:13:34,176 - greedy - INFO - plan is: ['move a r1 r2', 'move a r2 r3', 'move a r3 r6', 'move a r6 r5', 'move a r5 r8', 'move a r8 r11', 'move a r11 r10', 'move a r10 r7', 'move c r9 r12']
2024-10-24 15:13:34,176 - greedy - INFO - Goal found
2024-10-24 15:13:34,176 - greedy - INFO - [number of node pruned_by_unknown]: 0
2024-10-24 15:13:34,176 - greedy - INFO - [number of node pruned_by_visited]: 0
2024-10-24 15:13:34,176 - greedy - INFO - [number of node pruned]: 0
2024-10-24 15:13:34,176 - greedy - INFO - [number of node goal_checked]: 82
2024-10-24 15:13:34,176 - greedy - INFO - [number of node expansion]: 9
2024-10-24 15:13:34,176 - greedy - INFO - [number of node generated]: 82
2024-10-24 15:13:34,176 - greedy - INFO - [number of epistemic formulas evaluation: 9]
2024-10-24 15:13:34,176 - greedy - INFO - [time in epistemic formulas evaluation: 0:00:00.051537]
2024-10-24 15:13:34,176 - greedy - INFO - [avg time in epistemic formulas evaluation: 5.726333333333333]
2024-10-24 15:13:34,176 - greedy - INFO - [total_goal_size: 12]
2024-10-24 15:13:34,176 - greedy - INFO - [ontic_goal_size: 12]
2024-10-24 15:13:34,176 - greedy - INFO - [epistemic_goal_size: 0]
2024-10-24 15:13:34,176 - greedy - INFO - [ontic_goals: ['(!= (searched r1) 0)', '(!= (searched r2) 0)', '(!= (searched r3) 0)', '(!= (searched r4) 0)', '(!= (searched r5) 0)', '(!= (searched r6) 0)', '(!= (searched r7) 0)', '(!= (searched r8) 0)', '(!= (searched r9) 0)', '(!= (searched r10) 0)', '(!= (searched r11) 0)', '(!= (searched r12) 0)']]
2024-10-24 15:13:34,176 - greedy - INFO - [epistemic_goals: []]
2024-10-24 15:13:34,176 - greedy - INFO - [goals: ['(!= (searched r1) 0)', '(!= (searched r2) 0)', '(!= (searched r3) 0)', '(!= (searched r4) 0)', '(!= (searched r5) 0)', '(!= (searched r6) 0)', '(!= (searched r7) 0)', '(!= (searched r8) 0)', '(!= (searched r9) 0)', '(!= (searched r10) 0)', '(!= (searched r11) 0)', '(!= (searched r12) 0)']]
2024-10-24 15:13:34,176 - greedy - INFO - [epistemic_call_time_max: 9.280999999999999]
2024-10-24 15:13:34,176 - greedy - INFO - [functions: 258]
2024-10-24 15:13:34,176 - greedy - INFO - [number of common perspective generated]: 0
2024-10-24 15:13:34,176 - greedy - INFO - [number of all iterations used when generating common perspectives]: 0
2024-10-24 15:13:34,176 - greedy - INFO - [number of max iterations used when generating common perspectives]: 0
2024-10-24 15:13:34,176 - greedy - INFO - [number of average iterations used when generating common perspectives]: 0
2024-10-24 15:13:34,176 - greedy - INFO - [number of averaged unfiltered branching factors]: 9.0
2024-10-24 15:13:34,176 - greedy - INFO - [number of max unfiltered branching factors]: 10
2024-10-24 15:13:34,177 - instance_runner - INFO - initialization time: 0:00:00.020748
2024-10-24 15:13:34,177 - instance_runner - INFO - search time: 0:00:00.091874
