2024-10-24 15:13:26,555 - instance_runner - INFO - parser domain and problem
2024-10-24 15:13:26,555 - instance_runner - INFO - new_syntax/grid/domain.pddl
2024-10-24 15:13:26,555 - instance_runner - INFO - new_syntax/grid/problem_Broadcast_prob4.pddl
2024-10-24 15:13:26,555 - pddl_parser - INFO - Reading domain file
2024-10-24 15:13:26,555 - pddl_parser - INFO - new_syntax/grid/domain.pddl
2024-10-24 15:13:26,556 - pddl_parser - INFO - Parsing domain file
2024-10-24 15:13:26,556 - pddl_parser - INFO - Reading problem file
2024-10-24 15:13:26,556 - pddl_parser - INFO - new_syntax/grid/problem_Broadcast_prob4.pddl
2024-10-24 15:13:26,569 - pddl_parser - INFO - Parsing problem file
2024-10-24 15:13:26,572 - instance_runner - INFO - loading external function: new_syntax/grid/grid.py
2024-10-24 15:13:26,572 - instance_runner - INFO - finish loading external function
2024-10-24 15:13:26,572 - instance_runner - INFO - Initialize problem
2024-10-24 15:13:26,572 - epistemic_model - INFO - initialize epistemic model
2024-10-24 15:13:26,572 - instance_runner - INFO - starting search
2024-10-24 15:13:26,572 - greedy - INFO - starting searching using [greedy]
2024-10-24 15:13:26,849 - greedy - INFO - plan is: ['move d r2 r3', 'communicate_to_commander b s1 r4', 'move b r4 r5', 'communicate_to_commander b s2 r5', 'move b r5 r6', 'move c r9 r12', 'move c r12 r11', 'move c r11 r10', 'move c r10 r7', 'move c r7 r8', 'communicate_to_commander c s3 r8']
2024-10-24 15:13:26,850 - greedy - INFO - Goal found
2024-10-24 15:13:26,850 - greedy - INFO - [number of node pruned_by_unknown]: 0
2024-10-24 15:13:26,850 - greedy - INFO - [number of node pruned_by_visited]: 0
2024-10-24 15:13:26,850 - greedy - INFO - [number of node pruned]: 0
2024-10-24 15:13:26,850 - greedy - INFO - [number of node goal_checked]: 79
2024-10-24 15:13:26,850 - greedy - INFO - [number of node expansion]: 11
2024-10-24 15:13:26,850 - greedy - INFO - [number of node generated]: 79
2024-10-24 15:13:26,850 - greedy - INFO - [number of epistemic formulas evaluation: 90]
2024-10-24 15:13:26,850 - greedy - INFO - [time in epistemic formulas evaluation: 0:00:00.229809]
2024-10-24 15:13:26,850 - greedy - INFO - [avg time in epistemic formulas evaluation: 2.5534333333333334]
2024-10-24 15:13:26,850 - greedy - INFO - [total_goal_size: 15]
2024-10-24 15:13:26,850 - greedy - INFO - [ontic_goal_size: 12]
2024-10-24 15:13:26,850 - greedy - INFO - [epistemic_goal_size: 3]
2024-10-24 15:13:26,850 - greedy - INFO - [ontic_goals: ['(!= (searched r1) 0)', '(!= (searched r2) 0)', '(!= (searched r3) 0)', '(!= (searched r4) 0)', '(!= (searched r5) 0)', '(!= (searched r6) 0)', '(!= (searched r7) 0)', '(!= (searched r8) 0)', '(!= (searched r9) 0)', '(!= (searched r10) 0)', '(!= (searched r11) 0)', '(!= (searched r12) 0)']]
2024-10-24 15:13:26,850 - greedy - INFO - [epistemic_goals: ['(= (@ep ("+ b [a]") (= (survivor_loc s1) \'r4\')) ep.true)', '(= (@ep ("+ b [a]") (= (survivor_loc s2) \'r5\')) ep.true)', '(= (@ep ("+ b [a]") (= (survivor_loc s3) \'r8\')) ep.true)']]
2024-10-24 15:13:26,850 - greedy - INFO - [goals: ['(!= (searched r1) 0)', '(!= (searched r2) 0)', '(!= (searched r3) 0)', '(!= (searched r4) 0)', '(!= (searched r5) 0)', '(!= (searched r6) 0)', '(!= (searched r7) 0)', '(!= (searched r8) 0)', '(!= (searched r9) 0)', '(!= (searched r10) 0)', '(!= (searched r11) 0)', '(!= (searched r12) 0)', '(= (@ep ("+ b [a]") (= (survivor_loc s1) \'r4\')) ep.true)', '(= (@ep ("+ b [a]") (= (survivor_loc s2) \'r5\')) ep.true)', '(= (@ep ("+ b [a]") (= (survivor_loc s3) \'r8\')) ep.true)']]
2024-10-24 15:13:26,850 - greedy - INFO - [epistemic_call_time_max: 11.02]
2024-10-24 15:13:26,850 - greedy - INFO - [functions: 274]
2024-10-24 15:13:26,850 - greedy - INFO - [number of common perspective generated]: 0
2024-10-24 15:13:26,850 - greedy - INFO - [number of all iterations used when generating common perspectives]: 0
2024-10-24 15:13:26,850 - greedy - INFO - [number of max iterations used when generating common perspectives]: 0
2024-10-24 15:13:26,850 - greedy - INFO - [number of average iterations used when generating common perspectives]: 0
2024-10-24 15:13:26,850 - greedy - INFO - [number of averaged unfiltered branching factors]: 7.090909090909091
2024-10-24 15:13:26,850 - greedy - INFO - [number of max unfiltered branching factors]: 10
2024-10-24 15:13:26,852 - instance_runner - INFO - initialization time: 0:00:00.017248
2024-10-24 15:13:26,852 - instance_runner - INFO - search time: 0:00:00.280195
