2024-10-24 15:50:48,689 - instance_runner - INFO - parser domain and problem
2024-10-24 15:50:48,689 - instance_runner - INFO - new_syntax/bbl/domain.pddl
2024-10-24 15:50:48,689 - instance_runner - INFO - new_syntax/bbl/problem04.pddl
2024-10-24 15:50:48,689 - pddl_parser - INFO - Reading domain file
2024-10-24 15:50:48,689 - pddl_parser - INFO - new_syntax/bbl/domain.pddl
2024-10-24 15:50:48,690 - pddl_parser - INFO - Parsing domain file
2024-10-24 15:50:48,690 - pddl_parser - INFO - Reading problem file
2024-10-24 15:50:48,690 - pddl_parser - INFO - new_syntax/bbl/problem04.pddl
2024-10-24 15:50:48,691 - pddl_parser - INFO - Parsing problem file
2024-10-24 15:50:48,691 - instance_runner - INFO - loading external function: new_syntax/bbl/bbl.py
2024-10-24 15:50:48,691 - instance_runner - INFO - finish loading external function
2024-10-24 15:50:48,691 - instance_runner - INFO - Initialize problem
2024-10-24 15:50:48,691 - epistemic_model - INFO - initialize epistemic model
2024-10-24 15:50:48,691 - instance_runner - INFO - starting search
2024-10-24 15:50:48,691 - greedy - INFO - starting searching using [greedy]
2024-10-24 15:50:49,091 - greedy - INFO - plan is: ['turn_anti_clockwise b', 'turn_anti_clockwise b', 'turn_anti_clockwise b', 'turn_anti_clockwise b', 'turn_anti_clockwise b', 'turn_anti_clockwise b', 'turn_anti_clockwise b']
2024-10-24 15:50:49,091 - greedy - INFO - Goal found
2024-10-24 15:50:49,091 - greedy - INFO - [number of node pruned_by_unknown]: 0
2024-10-24 15:50:49,091 - greedy - INFO - [number of node pruned_by_visited]: 13
2024-10-24 15:50:49,091 - greedy - INFO - [number of node pruned]: 13
2024-10-24 15:50:49,091 - greedy - INFO - [number of node goal_checked]: 149
2024-10-24 15:50:49,091 - greedy - INFO - [number of node expansion]: 37
2024-10-24 15:50:49,091 - greedy - INFO - [number of node generated]: 149
2024-10-24 15:50:49,091 - greedy - INFO - [number of epistemic formulas evaluation: 149]
2024-10-24 15:50:49,091 - greedy - INFO - [time in epistemic formulas evaluation: 0:00:00.364976]
2024-10-24 15:50:49,091 - greedy - INFO - [avg time in epistemic formulas evaluation: 2.449503355704698]
2024-10-24 15:50:49,091 - greedy - INFO - [total_goal_size: 2]
2024-10-24 15:50:49,091 - greedy - INFO - [ontic_goal_size: 0]
2024-10-24 15:50:49,091 - greedy - INFO - [epistemic_goal_size: 2]
2024-10-24 15:50:49,091 - greedy - INFO - [ontic_goals: []]
2024-10-24 15:50:49,091 - greedy - INFO - [epistemic_goals: ['(= (@ep ("+ b [b] + b [a]") (= (v p) \'t\')) ep.true)', '(= (@ep ("+ b [a] + b [b]") (= (v p) \'t\')) ep.true)']]
2024-10-24 15:50:49,091 - greedy - INFO - [goals: ['(= (@ep ("+ b [b] + b [a]") (= (v p) \'t\')) ep.true)', '(= (@ep ("+ b [a] + b [b]") (= (v p) \'t\')) ep.true)']]
2024-10-24 15:50:49,092 - greedy - INFO - [epistemic_call_time_max: 4.8919999999999995]
2024-10-24 15:50:49,092 - greedy - INFO - [functions: 9]
2024-10-24 15:50:49,092 - greedy - INFO - [number of common perspective generated]: 0
2024-10-24 15:50:49,092 - greedy - INFO - [number of all iterations used when generating common perspectives]: 0
2024-10-24 15:50:49,092 - greedy - INFO - [number of max iterations used when generating common perspectives]: 0
2024-10-24 15:50:49,092 - greedy - INFO - [number of average iterations used when generating common perspectives]: 0
2024-10-24 15:50:49,092 - greedy - INFO - [number of averaged unfiltered branching factors]: 4.0
2024-10-24 15:50:49,092 - greedy - INFO - [number of max unfiltered branching factors]: 4
2024-10-24 15:50:49,092 - instance_runner - INFO - initialization time: 0:00:00.002535
2024-10-24 15:50:49,092 - instance_runner - INFO - search time: 0:00:00.400960
