2024-10-24 15:11:11,015 - instance_runner - INFO - parser domain and problem
2024-10-24 15:11:11,015 - instance_runner - INFO - new_syntax/corridor/domain.pddl
2024-10-24 15:11:11,015 - instance_runner - INFO - new_syntax/corridor/problem01_3ag_2g_1d.pddl
2024-10-24 15:11:11,015 - pddl_parser - INFO - Reading domain file
2024-10-24 15:11:11,015 - pddl_parser - INFO - new_syntax/corridor/domain.pddl
2024-10-24 15:11:11,024 - pddl_parser - INFO - Parsing domain file
2024-10-24 15:11:11,025 - pddl_parser - INFO - Reading problem file
2024-10-24 15:11:11,025 - pddl_parser - INFO - new_syntax/corridor/problem01_3ag_2g_1d.pddl
2024-10-24 15:11:11,026 - pddl_parser - INFO - Parsing problem file
2024-10-24 15:11:11,028 - instance_runner - INFO - loading external function: new_syntax/corridor/corridor.py
2024-10-24 15:11:11,029 - instance_runner - INFO - finish loading external function
2024-10-24 15:11:11,029 - instance_runner - INFO - Initialize problem
2024-10-24 15:11:11,029 - epistemic_model - INFO - initialize epistemic model
2024-10-24 15:11:11,029 - instance_runner - INFO - starting search
2024-10-24 15:11:11,029 - greedy - INFO - starting searching using [greedy]
2024-10-24 15:11:11,030 - pddl_model - ERROR - value out of range: when decrease 1 - 1 in function_schema: agent_loc
2024-10-24 15:11:11,036 - pddl_model - ERROR - value out of range: when decrease 1 - 1 in function_schema: agent_loc
2024-10-24 15:11:11,046 - pddl_model - ERROR - value out of range: when decrease 1 - 1 in function_schema: agent_loc
2024-10-24 15:11:11,047 - greedy - INFO - plan is: ['move_right a', 'sense a s', 'shout_truth a s', 'move_left a', 'shout_lie a s']
2024-10-24 15:11:11,047 - greedy - INFO - Goal found
2024-10-24 15:11:11,047 - greedy - INFO - [number of node pruned_by_unknown]: 0
2024-10-24 15:11:11,047 - greedy - INFO - [number of node pruned_by_visited]: 4
2024-10-24 15:11:11,047 - greedy - INFO - [number of node pruned]: 4
2024-10-24 15:11:11,047 - greedy - INFO - [number of node goal_checked]: 32
2024-10-24 15:11:11,047 - greedy - INFO - [number of node expansion]: 9
2024-10-24 15:11:11,047 - greedy - INFO - [number of node generated]: 32
2024-10-24 15:11:11,048 - greedy - INFO - [number of epistemic formulas evaluation: 32]
2024-10-24 15:11:11,048 - greedy - INFO - [time in epistemic formulas evaluation: 0:00:00.011310]
2024-10-24 15:11:11,048 - greedy - INFO - [avg time in epistemic formulas evaluation: 0.3534375]
2024-10-24 15:11:11,048 - greedy - INFO - [total_goal_size: 2]
2024-10-24 15:11:11,048 - greedy - INFO - [ontic_goal_size: 0]
2024-10-24 15:11:11,048 - greedy - INFO - [epistemic_goal_size: 2]
2024-10-24 15:11:11,048 - greedy - INFO - [ontic_goals: []]
2024-10-24 15:11:11,048 - greedy - INFO - [epistemic_goals: ['(= (@ep ("+ b [b]") (= (shared_value s) \'f\')) ep.true)', '(= (@ep ("+ b [c]") (= (shared_value s) \'t\')) ep.true)']]
2024-10-24 15:11:11,048 - greedy - INFO - [goals: ['(= (@ep ("+ b [b]") (= (shared_value s) \'f\')) ep.true)', '(= (@ep ("+ b [c]") (= (shared_value s) \'t\')) ep.true)']]
2024-10-24 15:11:11,048 - greedy - INFO - [epistemic_call_time_max: 3.9909999999999997]
2024-10-24 15:11:11,048 - greedy - INFO - [functions: 12]
2024-10-24 15:11:11,048 - greedy - INFO - [number of common perspective generated]: 0
2024-10-24 15:11:11,048 - greedy - INFO - [number of all iterations used when generating common perspectives]: 0
2024-10-24 15:11:11,048 - greedy - INFO - [number of max iterations used when generating common perspectives]: 0
2024-10-24 15:11:11,048 - greedy - INFO - [number of average iterations used when generating common perspectives]: 0
2024-10-24 15:11:11,048 - greedy - INFO - [number of averaged unfiltered branching factors]: 3.7777777777777777
2024-10-24 15:11:11,048 - greedy - INFO - [number of max unfiltered branching factors]: 5
2024-10-24 15:11:11,049 - instance_runner - INFO - initialization time: 0:00:00.014352
2024-10-24 15:11:11,049 - instance_runner - INFO - search time: 0:00:00.020029
