2024-10-22 16:51:49,116 - instance_runner - INFO - parser domain and problem
2024-10-22 16:51:49,116 - instance_runner - INFO - new_syntax/corridor/domain.pddl
2024-10-22 16:51:49,116 - instance_runner - INFO - new_syntax/corridor/problem07_3ag_2g_5d.pddl
2024-10-22 16:51:49,116 - pddl_parser - INFO - Reading domain file
2024-10-22 16:51:49,116 - pddl_parser - INFO - new_syntax/corridor/domain.pddl
2024-10-22 16:51:49,117 - pddl_parser - INFO - Parsing domain file
2024-10-22 16:51:49,118 - pddl_parser - INFO - Reading problem file
2024-10-22 16:51:49,118 - pddl_parser - INFO - new_syntax/corridor/problem07_3ag_2g_5d.pddl
2024-10-22 16:51:49,118 - pddl_parser - INFO - Parsing problem file
2024-10-22 16:51:49,119 - instance_runner - INFO - loading external function: new_syntax/corridor/corridor.py
2024-10-22 16:51:49,120 - instance_runner - INFO - finish loading external function
2024-10-22 16:51:49,120 - instance_runner - INFO - Initialize problem
2024-10-22 16:51:49,120 - epistemic_model - INFO - initialize epistemic model
2024-10-22 16:51:49,120 - instance_runner - INFO - starting search
2024-10-22 16:51:49,120 - ngreedy - INFO - starting searching using [ngreedy]
2024-10-22 16:51:49,122 - pddl_model - ERROR - value out of range: when decrease 1 - 1 in function_schema: agent_loc
2024-10-22 16:51:49,154 - pddl_model - ERROR - value out of range: when decrease 1 - 1 in function_schema: agent_loc
2024-10-22 16:51:49,168 - pddl_model - ERROR - value out of range: when decrease 1 - 1 in function_schema: agent_loc
2024-10-22 16:51:49,173 - ngreedy - INFO - plan is: ['move_right a', 'sense a s', 'shout_truth a s', 'move_left a', 'shout_lie a s']
2024-10-22 16:51:49,174 - ngreedy - INFO - Goal found
2024-10-22 16:51:49,174 - ngreedy - INFO - [number of node pruned_by_unknown]: 0
2024-10-22 16:51:49,174 - ngreedy - INFO - [number of node pruned_by_visited]: 2
2024-10-22 16:51:49,174 - ngreedy - INFO - [number of node pruned]: 2
2024-10-22 16:51:49,174 - ngreedy - INFO - [number of node goal_checked]: 32
2024-10-22 16:51:49,174 - ngreedy - INFO - [number of node expansion]: 9
2024-10-22 16:51:49,174 - ngreedy - INFO - [number of node generated]: 32
2024-10-22 16:51:49,174 - ngreedy - INFO - [number of epistemic formulas evaluation: 32]
2024-10-22 16:51:49,174 - ngreedy - INFO - [time in epistemic formulas evaluation: 0:00:00.043013]
2024-10-22 16:51:49,174 - ngreedy - INFO - [avg time in epistemic formulas evaluation: 1.3441562500000002]
2024-10-22 16:51:49,174 - ngreedy - INFO - [total_goal_size: 2]
2024-10-22 16:51:49,174 - ngreedy - INFO - [ontic_goal_size: 0]
2024-10-22 16:51:49,174 - ngreedy - INFO - [epistemic_goal_size: 2]
2024-10-22 16:51:49,174 - ngreedy - INFO - [ontic_goals: []]
2024-10-22 16:51:49,174 - ngreedy - INFO - [epistemic_goals: ['(= (@ep ("+ b [b] + b [b] + b [b] + b [b] + b [b]") (= (shared_value s) \'f\')) ep.true)', '(= (@ep ("+ b [c] + b [c] + b [c] + b [c] + b [c]") (= (shared_value s) \'t\')) ep.true)']]
2024-10-22 16:51:49,174 - ngreedy - INFO - [goals: ['(= (@ep ("+ b [b] + b [b] + b [b] + b [b] + b [b]") (= (shared_value s) \'f\')) ep.true)', '(= (@ep ("+ b [c] + b [c] + b [c] + b [c] + b [c]") (= (shared_value s) \'t\')) ep.true)']]
2024-10-22 16:51:49,174 - ngreedy - INFO - [epistemic_call_time_max: 2.958]
2024-10-22 16:51:49,174 - ngreedy - INFO - [functions: 12]
2024-10-22 16:51:49,174 - ngreedy - INFO - [number of common perspective generated]: 0
2024-10-22 16:51:49,174 - ngreedy - INFO - [number of all iterations used when generating common perspectives]: 0
2024-10-22 16:51:49,174 - ngreedy - INFO - [number of max iterations used when generating common perspectives]: 0
2024-10-22 16:51:49,174 - ngreedy - INFO - [number of average iterations used when generating common perspectives]: 0
2024-10-22 16:51:49,174 - ngreedy - INFO - [number of averaged unfiltered branching factors]: 3.7777777777777777
2024-10-22 16:51:49,174 - ngreedy - INFO - [number of max unfiltered branching factors]: 5
2024-10-22 16:51:49,175 - instance_runner - INFO - initialization time: 0:00:00.004294
2024-10-22 16:51:49,175 - instance_runner - INFO - search time: 0:00:00.055159
