2024-10-22 16:51:48,718 - instance_runner - INFO - parser domain and problem
2024-10-22 16:51:48,718 - instance_runner - INFO - new_syntax/corridor/domain.pddl
2024-10-22 16:51:48,718 - instance_runner - INFO - new_syntax/corridor/problem01_3ag_2g_1d.pddl
2024-10-22 16:51:48,718 - pddl_parser - INFO - Reading domain file
2024-10-22 16:51:48,718 - pddl_parser - INFO - new_syntax/corridor/domain.pddl
2024-10-22 16:51:48,720 - pddl_parser - INFO - Parsing domain file
2024-10-22 16:51:48,722 - pddl_parser - INFO - Reading problem file
2024-10-22 16:51:48,723 - pddl_parser - INFO - new_syntax/corridor/problem01_3ag_2g_1d.pddl
2024-10-22 16:51:48,723 - pddl_parser - INFO - Parsing problem file
2024-10-22 16:51:48,726 - instance_runner - INFO - loading external function: new_syntax/corridor/corridor.py
2024-10-22 16:51:48,728 - instance_runner - INFO - finish loading external function
2024-10-22 16:51:48,728 - instance_runner - INFO - Initialize problem
2024-10-22 16:51:48,728 - epistemic_model - INFO - initialize epistemic model
2024-10-22 16:51:48,728 - instance_runner - INFO - starting search
2024-10-22 16:51:48,728 - ngreedy - INFO - starting searching using [ngreedy]
2024-10-22 16:51:48,729 - pddl_model - ERROR - value out of range: when decrease 1 - 1 in function_schema: agent_loc
2024-10-22 16:51:48,736 - pddl_model - ERROR - value out of range: when decrease 1 - 1 in function_schema: agent_loc
2024-10-22 16:51:48,741 - pddl_model - ERROR - value out of range: when decrease 1 - 1 in function_schema: agent_loc
2024-10-22 16:51:48,742 - ngreedy - INFO - plan is: ['move_right a', 'sense a s', 'shout_truth a s', 'move_left a', 'shout_lie a s']
2024-10-22 16:51:48,742 - ngreedy - INFO - Goal found
2024-10-22 16:51:48,743 - ngreedy - INFO - [number of node pruned_by_unknown]: 0
2024-10-22 16:51:48,743 - ngreedy - INFO - [number of node pruned_by_visited]: 2
2024-10-22 16:51:48,743 - ngreedy - INFO - [number of node pruned]: 2
2024-10-22 16:51:48,743 - ngreedy - INFO - [number of node goal_checked]: 32
2024-10-22 16:51:48,743 - ngreedy - INFO - [number of node expansion]: 9
2024-10-22 16:51:48,743 - ngreedy - INFO - [number of node generated]: 32
2024-10-22 16:51:48,743 - ngreedy - INFO - [number of epistemic formulas evaluation: 32]
2024-10-22 16:51:48,743 - ngreedy - INFO - [time in epistemic formulas evaluation: 0:00:00.007621]
2024-10-22 16:51:48,743 - ngreedy - INFO - [avg time in epistemic formulas evaluation: 0.23815625]
2024-10-22 16:51:48,743 - ngreedy - INFO - [total_goal_size: 2]
2024-10-22 16:51:48,743 - ngreedy - INFO - [ontic_goal_size: 0]
2024-10-22 16:51:48,743 - ngreedy - INFO - [epistemic_goal_size: 2]
2024-10-22 16:51:48,743 - ngreedy - INFO - [ontic_goals: []]
2024-10-22 16:51:48,743 - ngreedy - INFO - [epistemic_goals: ['(= (@ep ("+ b [b]") (= (shared_value s) \'f\')) ep.true)', '(= (@ep ("+ b [c]") (= (shared_value s) \'t\')) ep.true)']]
2024-10-22 16:51:48,743 - ngreedy - INFO - [goals: ['(= (@ep ("+ b [b]") (= (shared_value s) \'f\')) ep.true)', '(= (@ep ("+ b [c]") (= (shared_value s) \'t\')) ep.true)']]
2024-10-22 16:51:48,744 - ngreedy - INFO - [epistemic_call_time_max: 0.38499999999999995]
2024-10-22 16:51:48,744 - ngreedy - INFO - [functions: 12]
2024-10-22 16:51:48,744 - ngreedy - INFO - [number of common perspective generated]: 0
2024-10-22 16:51:48,744 - ngreedy - INFO - [number of all iterations used when generating common perspectives]: 0
2024-10-22 16:51:48,744 - ngreedy - INFO - [number of max iterations used when generating common perspectives]: 0
2024-10-22 16:51:48,744 - ngreedy - INFO - [number of average iterations used when generating common perspectives]: 0
2024-10-22 16:51:48,744 - ngreedy - INFO - [number of averaged unfiltered branching factors]: 3.7777777777777777
2024-10-22 16:51:48,744 - ngreedy - INFO - [number of max unfiltered branching factors]: 5
2024-10-22 16:51:48,744 - instance_runner - INFO - initialization time: 0:00:00.009727
2024-10-22 16:51:48,744 - instance_runner - INFO - search time: 0:00:00.016541
