2024-10-24 16:03:15,375 - instance_runner - INFO - parser domain and problem
2024-10-24 16:03:15,375 - instance_runner - INFO - new_syntax/coin/domain.pddl
2024-10-24 16:03:15,376 - instance_runner - INFO - new_syntax/coin/problem_06.pddl
2024-10-24 16:03:15,376 - pddl_parser - INFO - Reading domain file
2024-10-24 16:03:15,376 - pddl_parser - INFO - new_syntax/coin/domain.pddl
2024-10-24 16:03:15,377 - pddl_parser - INFO - Parsing domain file
2024-10-24 16:03:15,378 - pddl_parser - INFO - Reading problem file
2024-10-24 16:03:15,378 - pddl_parser - INFO - new_syntax/coin/problem_06.pddl
2024-10-24 16:03:15,378 - pddl_parser - INFO - Parsing problem file
2024-10-24 16:03:15,379 - instance_runner - INFO - loading external function: new_syntax/coin/coin.py
2024-10-24 16:03:15,379 - instance_runner - INFO - finish loading external function
2024-10-24 16:03:15,379 - instance_runner - INFO - Initialize problem
2024-10-24 16:03:15,379 - epistemic_model - INFO - initialize epistemic model
2024-10-24 16:03:15,379 - instance_runner - INFO - starting search
2024-10-24 16:03:15,379 - greedy - INFO - starting searching using [greedy]
2024-10-24 16:03:15,409 - greedy - INFO - plan is: ['peek a', 'return a', 'peek b', 'return b', 'peek a', 'turn_coin c', 'return a', 'peek b']
2024-10-24 16:03:15,410 - greedy - INFO - Goal found
2024-10-24 16:03:15,410 - greedy - INFO - [number of node pruned_by_unknown]: 0
2024-10-24 16:03:15,411 - greedy - INFO - [number of node pruned_by_visited]: 7
2024-10-24 16:03:15,411 - greedy - INFO - [number of node pruned]: 7
2024-10-24 16:03:15,411 - greedy - INFO - [number of node goal_checked]: 37
2024-10-24 16:03:15,411 - greedy - INFO - [number of node expansion]: 14
2024-10-24 16:03:15,411 - greedy - INFO - [number of node generated]: 37
2024-10-24 16:03:15,411 - greedy - INFO - [number of epistemic formulas evaluation: 37]
2024-10-24 16:03:15,411 - greedy - INFO - [time in epistemic formulas evaluation: 0:00:00.014675]
2024-10-24 16:03:15,411 - greedy - INFO - [avg time in epistemic formulas evaluation: 0.3966216216216216]
2024-10-24 16:03:15,411 - greedy - INFO - [total_goal_size: 2]
2024-10-24 16:03:15,411 - greedy - INFO - [ontic_goal_size: 0]
2024-10-24 16:03:15,412 - greedy - INFO - [epistemic_goal_size: 2]
2024-10-24 16:03:15,412 - greedy - INFO - [ontic_goals: []]
2024-10-24 16:03:15,412 - greedy - INFO - [epistemic_goals: ['(= (@ep ("+ b [b] + b [a]") (= (coin c) \'head\')) ep.true)', '(= (@ep ("+ b [a] + b [b]") (= (coin c) \'tail\')) ep.true)']]
2024-10-24 16:03:15,412 - greedy - INFO - [goals: ['(= (@ep ("+ b [b] + b [a]") (= (coin c) \'head\')) ep.true)', '(= (@ep ("+ b [a] + b [b]") (= (coin c) \'tail\')) ep.true)']]
2024-10-24 16:03:15,412 - greedy - INFO - [epistemic_call_time_max: 0.9510000000000001]
2024-10-24 16:03:15,412 - greedy - INFO - [functions: 3]
2024-10-24 16:03:15,412 - greedy - INFO - [number of common perspective generated]: 0
2024-10-24 16:03:15,412 - greedy - INFO - [number of all iterations used when generating common perspectives]: 0
2024-10-24 16:03:15,412 - greedy - INFO - [number of max iterations used when generating common perspectives]: 0
2024-10-24 16:03:15,412 - greedy - INFO - [number of average iterations used when generating common perspectives]: 0
2024-10-24 16:03:15,412 - greedy - INFO - [number of averaged unfiltered branching factors]: 2.5714285714285716
2024-10-24 16:03:15,412 - greedy - INFO - [number of max unfiltered branching factors]: 3
2024-10-24 16:03:15,413 - instance_runner - INFO - initialization time: 0:00:00.005412
2024-10-24 16:03:15,413 - instance_runner - INFO - search time: 0:00:00.033569
