2024-10-24 15:18:39,185 - instance_runner - INFO - parser domain and problem
2024-10-24 15:18:39,185 - instance_runner - INFO - new_syntax/coin/domain.pddl
2024-10-24 15:18:39,185 - instance_runner - INFO - new_syntax/coin/problem_01.pddl
2024-10-24 15:18:39,185 - pddl_parser - INFO - Reading domain file
2024-10-24 15:18:39,185 - pddl_parser - INFO - new_syntax/coin/domain.pddl
2024-10-24 15:18:39,186 - pddl_parser - INFO - Parsing domain file
2024-10-24 15:18:39,188 - pddl_parser - INFO - Reading problem file
2024-10-24 15:18:39,188 - pddl_parser - INFO - new_syntax/coin/problem_01.pddl
2024-10-24 15:18:39,189 - pddl_parser - INFO - Parsing problem file
2024-10-24 15:18:39,192 - instance_runner - INFO - loading external function: new_syntax/coin/coin.py
2024-10-24 15:18:39,340 - instance_runner - INFO - finish loading external function
2024-10-24 15:18:39,340 - instance_runner - INFO - Initialize problem
2024-10-24 15:18:39,340 - epistemic_model - INFO - initialize epistemic model
2024-10-24 15:18:39,340 - instance_runner - INFO - starting search
2024-10-24 15:18:39,340 - greedy - INFO - starting searching using [greedy]
2024-10-24 15:18:39,341 - greedy - INFO - plan is: ['peek a']
2024-10-24 15:18:39,341 - greedy - INFO - Goal found
2024-10-24 15:18:39,341 - greedy - INFO - [number of node pruned_by_unknown]: 0
2024-10-24 15:18:39,341 - greedy - INFO - [number of node pruned_by_visited]: 0
2024-10-24 15:18:39,341 - greedy - INFO - [number of node pruned]: 0
2024-10-24 15:18:39,342 - greedy - INFO - [number of node goal_checked]: 4
2024-10-24 15:18:39,342 - greedy - INFO - [number of node expansion]: 1
2024-10-24 15:18:39,342 - greedy - INFO - [number of node generated]: 4
2024-10-24 15:18:39,342 - greedy - INFO - [number of epistemic formulas evaluation: 4]
2024-10-24 15:18:39,342 - greedy - INFO - [time in epistemic formulas evaluation: 0:00:00.000201]
2024-10-24 15:18:39,342 - greedy - INFO - [avg time in epistemic formulas evaluation: 0.05025]
2024-10-24 15:18:39,342 - greedy - INFO - [total_goal_size: 1]
2024-10-24 15:18:39,342 - greedy - INFO - [ontic_goal_size: 0]
2024-10-24 15:18:39,342 - greedy - INFO - [epistemic_goal_size: 1]
2024-10-24 15:18:39,342 - greedy - INFO - [ontic_goals: []]
2024-10-24 15:18:39,342 - greedy - INFO - [epistemic_goals: ['(= (@ep ("+ b [a]") (= (coin c) \'head\')) ep.true)']]
2024-10-24 15:18:39,342 - greedy - INFO - [goals: ['(= (@ep ("+ b [a]") (= (coin c) \'head\')) ep.true)']]
2024-10-24 15:18:39,342 - greedy - INFO - [epistemic_call_time_max: 0.059]
2024-10-24 15:18:39,342 - greedy - INFO - [functions: 3]
2024-10-24 15:18:39,342 - greedy - INFO - [number of common perspective generated]: 0
2024-10-24 15:18:39,342 - greedy - INFO - [number of all iterations used when generating common perspectives]: 0
2024-10-24 15:18:39,342 - greedy - INFO - [number of max iterations used when generating common perspectives]: 0
2024-10-24 15:18:39,342 - greedy - INFO - [number of average iterations used when generating common perspectives]: 0
2024-10-24 15:18:39,342 - greedy - INFO - [number of averaged unfiltered branching factors]: 3.0
2024-10-24 15:18:39,342 - greedy - INFO - [number of max unfiltered branching factors]: 3
2024-10-24 15:18:39,342 - instance_runner - INFO - initialization time: 0:00:00.155646
2024-10-24 15:18:39,342 - instance_runner - INFO - search time: 0:00:00.001901
