2024-10-24 15:18:39,424 - instance_runner - INFO - parser domain and problem
2024-10-24 15:18:39,425 - instance_runner - INFO - new_syntax/coin/domain.pddl
2024-10-24 15:18:39,425 - instance_runner - INFO - new_syntax/coin/problem_05.pddl
2024-10-24 15:18:39,425 - pddl_parser - INFO - Reading domain file
2024-10-24 15:18:39,425 - pddl_parser - INFO - new_syntax/coin/domain.pddl
2024-10-24 15:18:39,426 - pddl_parser - INFO - Parsing domain file
2024-10-24 15:18:39,428 - pddl_parser - INFO - Reading problem file
2024-10-24 15:18:39,428 - pddl_parser - INFO - new_syntax/coin/problem_05.pddl
2024-10-24 15:18:39,429 - pddl_parser - INFO - Parsing problem file
2024-10-24 15:18:39,430 - instance_runner - INFO - loading external function: new_syntax/coin/coin.py
2024-10-24 15:18:39,431 - instance_runner - INFO - finish loading external function
2024-10-24 15:18:39,431 - instance_runner - INFO - Initialize problem
2024-10-24 15:18:39,431 - epistemic_model - INFO - initialize epistemic model
2024-10-24 15:18:39,431 - instance_runner - INFO - starting search
2024-10-24 15:18:39,431 - greedy - INFO - starting searching using [greedy]
2024-10-24 15:18:39,450 - greedy - INFO - plan is: ['peek a', 'return a', 'peek b', 'turn_coin c']
2024-10-24 15:18:39,450 - greedy - INFO - Goal found
2024-10-24 15:18:39,450 - greedy - INFO - [number of node pruned_by_unknown]: 0
2024-10-24 15:18:39,450 - greedy - INFO - [number of node pruned_by_visited]: 8
2024-10-24 15:18:39,450 - greedy - INFO - [number of node pruned]: 8
2024-10-24 15:18:39,450 - greedy - INFO - [number of node goal_checked]: 36
2024-10-24 15:18:39,450 - greedy - INFO - [number of node expansion]: 14
2024-10-24 15:18:39,450 - greedy - INFO - [number of node generated]: 36
2024-10-24 15:18:39,450 - greedy - INFO - [number of epistemic formulas evaluation: 36]
2024-10-24 15:18:39,450 - greedy - INFO - [time in epistemic formulas evaluation: 0:00:00.008951]
2024-10-24 15:18:39,450 - greedy - INFO - [avg time in epistemic formulas evaluation: 0.2486388888888889]
2024-10-24 15:18:39,450 - greedy - INFO - [total_goal_size: 4]
2024-10-24 15:18:39,450 - greedy - INFO - [ontic_goal_size: 1]
2024-10-24 15:18:39,450 - greedy - INFO - [epistemic_goal_size: 3]
2024-10-24 15:18:39,450 - greedy - INFO - [ontic_goals: ["(= (coin c) 'tail')"]]
2024-10-24 15:18:39,450 - greedy - INFO - [epistemic_goals: ['(= (@ep ("+ b [b]") (= (coin c) \'tail\')) ep.true)', '(= (@ep ("+ b [a]") (= (coin c) \'head\')) ep.true)', '(= (@ep ("+ b [b] + b [a]") (= (coin c) \'head\')) ep.true)']]
2024-10-24 15:18:39,451 - greedy - INFO - [goals: ["(= (coin c) 'tail')", '(= (@ep ("+ b [b]") (= (coin c) \'tail\')) ep.true)', '(= (@ep ("+ b [a]") (= (coin c) \'head\')) ep.true)', '(= (@ep ("+ b [b] + b [a]") (= (coin c) \'head\')) ep.true)']]
2024-10-24 15:18:39,451 - greedy - INFO - [epistemic_call_time_max: 0.532]
2024-10-24 15:18:39,451 - greedy - INFO - [functions: 3]
2024-10-24 15:18:39,451 - greedy - INFO - [number of common perspective generated]: 0
2024-10-24 15:18:39,451 - greedy - INFO - [number of all iterations used when generating common perspectives]: 0
2024-10-24 15:18:39,451 - greedy - INFO - [number of max iterations used when generating common perspectives]: 0
2024-10-24 15:18:39,451 - greedy - INFO - [number of average iterations used when generating common perspectives]: 0
2024-10-24 15:18:39,451 - greedy - INFO - [number of averaged unfiltered branching factors]: 2.5
2024-10-24 15:18:39,451 - greedy - INFO - [number of max unfiltered branching factors]: 3
2024-10-24 15:18:39,451 - instance_runner - INFO - initialization time: 0:00:00.007720
2024-10-24 15:18:39,451 - instance_runner - INFO - search time: 0:00:00.019779
