2024-10-26 14:00:35,804 - instance_runner - INFO - parser domain and problem
2024-10-26 14:00:35,804 - instance_runner - INFO - new_syntax/grapevine/domain.pddl
2024-10-26 14:00:35,804 - instance_runner - INFO - new_syntax/grapevine/problem10_8ag_4g_2d.pddl
2024-10-26 14:00:35,804 - pddl_parser - INFO - Reading domain file
2024-10-26 14:00:35,805 - pddl_parser - INFO - new_syntax/grapevine/domain.pddl
2024-10-26 14:00:35,805 - pddl_parser - INFO - Parsing domain file
2024-10-26 14:00:35,806 - pddl_parser - INFO - Reading problem file
2024-10-26 14:00:35,806 - pddl_parser - INFO - new_syntax/grapevine/problem10_8ag_4g_2d.pddl
2024-10-26 14:00:35,814 - pddl_parser - INFO - Parsing problem file
2024-10-26 14:00:35,815 - instance_runner - INFO - loading external function: new_syntax/grapevine/grapevine.py
2024-10-26 14:00:35,815 - instance_runner - INFO - finish loading external function
2024-10-26 14:00:35,815 - instance_runner - INFO - Initialize problem
2024-10-26 14:00:35,816 - epistemic_model - INFO - initialize epistemic model
2024-10-26 14:00:35,816 - instance_runner - INFO - starting search
2024-10-26 14:00:35,816 - greedy - INFO - starting searching using [greedy]
2024-10-26 14:03:34,450 - greedy - INFO - Problem cannot be solved in the given memory (8192MB).
2024-10-26 14:03:34,452 - greedy - INFO - [number of node pruned_by_unknown]: 0
2024-10-26 14:03:34,452 - greedy - INFO - [number of node pruned_by_visited]: 1908
2024-10-26 14:03:34,452 - greedy - INFO - [number of node pruned]: 1908
2024-10-26 14:03:34,452 - greedy - INFO - [number of node goal_checked]: 26207
2024-10-26 14:03:34,452 - greedy - INFO - [number of node expansion]: 2337
2024-10-26 14:03:34,452 - greedy - INFO - [number of node generated]: 26207
2024-10-26 14:03:34,452 - greedy - INFO - [number of epistemic formulas evaluation: 36056]
2024-10-26 14:03:34,452 - greedy - INFO - [time in epistemic formulas evaluation: 0:02:41.566663]
2024-10-26 14:03:34,452 - greedy - INFO - [avg time in epistemic formulas evaluation: 4.480992428444642]
2024-10-26 14:03:34,452 - greedy - INFO - [total_goal_size: 4]
2024-10-26 14:03:34,452 - greedy - INFO - [ontic_goal_size: 0]
2024-10-26 14:03:34,452 - greedy - INFO - [epistemic_goal_size: 4]
2024-10-26 14:03:34,452 - greedy - INFO - [ontic_goals: []]
2024-10-26 14:03:34,452 - greedy - INFO - [epistemic_goals: ['(= (@ep ("+ b [b] + b [c]") (= (shared_value as) \'f\')) ep.true)', '(= (@ep ("+ b [c]") (= (shared_value as) \'t\')) ep.true)', '(= (@ep ("+ b [d] + b [c]") (= (shared_value as) \'t\')) ep.true)', '(= (@ep ("+ b [b]") (= (shared_value as) \'t\')) ep.true)']]
2024-10-26 14:03:34,452 - greedy - INFO - [goals: ['(= (@ep ("+ b [b] + b [c]") (= (shared_value as) \'f\')) ep.true)', '(= (@ep ("+ b [c]") (= (shared_value as) \'t\')) ep.true)', '(= (@ep ("+ b [d] + b [c]") (= (shared_value as) \'t\')) ep.true)', '(= (@ep ("+ b [b]") (= (shared_value as) \'t\')) ep.true)']]
2024-10-26 14:03:34,452 - greedy - INFO - [epistemic_call_time_max: 2500.219]
2024-10-26 14:03:34,452 - greedy - INFO - [functions: 105]
2024-10-26 14:03:34,452 - greedy - INFO - [number of common perspective generated]: 0
2024-10-26 14:03:34,452 - greedy - INFO - [number of all iterations used when generating common perspectives]: 0
2024-10-26 14:03:34,452 - greedy - INFO - [number of max iterations used when generating common perspectives]: 0
2024-10-26 14:03:34,452 - greedy - INFO - [number of average iterations used when generating common perspectives]: 0
2024-10-26 14:03:34,453 - greedy - INFO - [number of averaged unfiltered branching factors]: 11.2135216089003
2024-10-26 14:03:34,453 - greedy - INFO - [number of max unfiltered branching factors]: 45
2024-10-26 14:03:35,268 - instance_runner - INFO - initialization time: 0:00:00.011381
2024-10-26 14:03:35,269 - instance_runner - INFO - search time: 0:02:59.443621
