2024-10-26 14:00:34,510 - instance_runner - INFO - parser domain and problem
2024-10-26 14:00:34,510 - instance_runner - INFO - new_syntax/grapevine/domain.pddl
2024-10-26 14:00:34,510 - instance_runner - INFO - new_syntax/grapevine/problem08_8ag_2g_2d.pddl
2024-10-26 14:00:34,510 - pddl_parser - INFO - Reading domain file
2024-10-26 14:00:34,510 - pddl_parser - INFO - new_syntax/grapevine/domain.pddl
2024-10-26 14:00:34,511 - pddl_parser - INFO - Parsing domain file
2024-10-26 14:00:34,512 - pddl_parser - INFO - Reading problem file
2024-10-26 14:00:34,512 - pddl_parser - INFO - new_syntax/grapevine/problem08_8ag_2g_2d.pddl
2024-10-26 14:00:34,520 - pddl_parser - INFO - Parsing problem file
2024-10-26 14:00:34,521 - instance_runner - INFO - loading external function: new_syntax/grapevine/grapevine.py
2024-10-26 14:00:34,522 - instance_runner - INFO - finish loading external function
2024-10-26 14:00:34,522 - instance_runner - INFO - Initialize problem
2024-10-26 14:00:34,522 - epistemic_model - INFO - initialize epistemic model
2024-10-26 14:00:34,522 - instance_runner - INFO - starting search
2024-10-26 14:00:34,522 - greedy - INFO - starting searching using [greedy]
2024-10-26 14:00:34,848 - greedy - INFO - plan is: ['lying_own_secret a as', 'quiet as', 'move_right b', 'sharing_own_secret a as']
2024-10-26 14:00:34,848 - greedy - INFO - Goal found
2024-10-26 14:00:34,848 - greedy - INFO - [number of node pruned_by_unknown]: 0
2024-10-26 14:00:34,849 - greedy - INFO - [number of node pruned_by_visited]: 1
2024-10-26 14:00:34,849 - greedy - INFO - [number of node pruned]: 1
2024-10-26 14:00:34,849 - greedy - INFO - [number of node goal_checked]: 158
2024-10-26 14:00:34,849 - greedy - INFO - [number of node expansion]: 14
2024-10-26 14:00:34,849 - greedy - INFO - [number of node generated]: 158
2024-10-26 14:00:34,849 - greedy - INFO - [number of epistemic formulas evaluation: 191]
2024-10-26 14:00:34,849 - greedy - INFO - [time in epistemic formulas evaluation: 0:00:00.292517]
2024-10-26 14:00:34,849 - greedy - INFO - [avg time in epistemic formulas evaluation: 1.5315026178010474]
2024-10-26 14:00:34,849 - greedy - INFO - [total_goal_size: 2]
2024-10-26 14:00:34,849 - greedy - INFO - [ontic_goal_size: 0]
2024-10-26 14:00:34,849 - greedy - INFO - [epistemic_goal_size: 2]
2024-10-26 14:00:34,849 - greedy - INFO - [ontic_goals: []]
2024-10-26 14:00:34,849 - greedy - INFO - [epistemic_goals: ['(= (@ep ("+ b [c]") (= (shared_value as) \'t\')) ep.true)', '(= (@ep ("+ b [b] + b [c]") (= (shared_value as) \'f\')) ep.true)']]
2024-10-26 14:00:34,849 - greedy - INFO - [goals: ['(= (@ep ("+ b [c]") (= (shared_value as) \'t\')) ep.true)', '(= (@ep ("+ b [b] + b [c]") (= (shared_value as) \'f\')) ep.true)']]
2024-10-26 14:00:34,849 - greedy - INFO - [epistemic_call_time_max: 3.281]
2024-10-26 14:00:34,849 - greedy - INFO - [functions: 105]
2024-10-26 14:00:34,849 - greedy - INFO - [number of common perspective generated]: 0
2024-10-26 14:00:34,849 - greedy - INFO - [number of all iterations used when generating common perspectives]: 0
2024-10-26 14:00:34,849 - greedy - INFO - [number of max iterations used when generating common perspectives]: 0
2024-10-26 14:00:34,849 - greedy - INFO - [number of average iterations used when generating common perspectives]: 0
2024-10-26 14:00:34,849 - greedy - INFO - [number of averaged unfiltered branching factors]: 11.214285714285714
2024-10-26 14:00:34,849 - greedy - INFO - [number of max unfiltered branching factors]: 31
2024-10-26 14:00:34,851 - instance_runner - INFO - initialization time: 0:00:00.011503
2024-10-26 14:00:34,851 - instance_runner - INFO - search time: 0:00:00.329529
