2024-10-26 13:53:33,769 - instance_runner - INFO - parser domain and problem
2024-10-26 13:53:33,769 - instance_runner - INFO - new_syntax/grapevine/domain.pddl
2024-10-26 13:53:33,769 - instance_runner - INFO - new_syntax/grapevine/problem03_4ag_4g_1d.pddl
2024-10-26 13:53:33,769 - pddl_parser - INFO - Reading domain file
2024-10-26 13:53:33,769 - pddl_parser - INFO - new_syntax/grapevine/domain.pddl
2024-10-26 13:53:33,769 - pddl_parser - INFO - Parsing domain file
2024-10-26 13:53:33,770 - pddl_parser - INFO - Reading problem file
2024-10-26 13:53:33,770 - pddl_parser - INFO - new_syntax/grapevine/problem03_4ag_4g_1d.pddl
2024-10-26 13:53:33,771 - pddl_parser - INFO - Parsing problem file
2024-10-26 13:53:33,771 - instance_runner - INFO - loading external function: new_syntax/grapevine/grapevine.py
2024-10-26 13:53:33,771 - instance_runner - INFO - finish loading external function
2024-10-26 13:53:33,771 - instance_runner - INFO - Initialize problem
2024-10-26 13:53:33,772 - epistemic_model - INFO - initialize epistemic model
2024-10-26 13:53:33,772 - instance_runner - INFO - starting search
2024-10-26 13:53:33,772 - greedy - INFO - starting searching using [greedy]
2024-10-26 13:53:33,965 - greedy - INFO - plan is: ['lying_own_secret a as', 'quiet as', 'lying_own_secret d ds', 'quiet ds', 'move_right b', 'sharing_own_secret d ds', 'quiet ds', 'move_right a', 'sharing_own_secret a as']
2024-10-26 13:53:33,965 - greedy - INFO - Goal found
2024-10-26 13:53:33,965 - greedy - INFO - [number of node pruned_by_unknown]: 0
2024-10-26 13:53:33,965 - greedy - INFO - [number of node pruned_by_visited]: 1
2024-10-26 13:53:33,965 - greedy - INFO - [number of node pruned]: 1
2024-10-26 13:53:33,965 - greedy - INFO - [number of node goal_checked]: 167
2024-10-26 13:53:33,965 - greedy - INFO - [number of node expansion]: 22
2024-10-26 13:53:33,965 - greedy - INFO - [number of node generated]: 167
2024-10-26 13:53:33,965 - greedy - INFO - [number of epistemic formulas evaluation: 221]
2024-10-26 13:53:33,965 - greedy - INFO - [time in epistemic formulas evaluation: 0:00:00.170818]
2024-10-26 13:53:33,965 - greedy - INFO - [avg time in epistemic formulas evaluation: 0.7729321266968325]
2024-10-26 13:53:33,965 - greedy - INFO - [total_goal_size: 4]
2024-10-26 13:53:33,965 - greedy - INFO - [ontic_goal_size: 0]
2024-10-26 13:53:33,965 - greedy - INFO - [epistemic_goal_size: 4]
2024-10-26 13:53:33,965 - greedy - INFO - [ontic_goals: []]
2024-10-26 13:53:33,965 - greedy - INFO - [epistemic_goals: ['(= (@ep ("+ b [c]") (= (shared_value as) \'f\')) ep.true)', '(= (@ep ("+ b [c]") (= (shared_value ds) \'t\')) ep.true)', '(= (@ep ("+ b [b]") (= (shared_value ds) \'f\')) ep.true)', '(= (@ep ("+ b [b]") (= (shared_value as) \'t\')) ep.true)']]
2024-10-26 13:53:33,965 - greedy - INFO - [goals: ['(= (@ep ("+ b [c]") (= (shared_value as) \'f\')) ep.true)', '(= (@ep ("+ b [c]") (= (shared_value ds) \'t\')) ep.true)', '(= (@ep ("+ b [b]") (= (shared_value ds) \'f\')) ep.true)', '(= (@ep ("+ b [b]") (= (shared_value as) \'t\')) ep.true)']]
2024-10-26 13:53:33,965 - greedy - INFO - [epistemic_call_time_max: 1.611]
2024-10-26 13:53:33,965 - greedy - INFO - [functions: 37]
2024-10-26 13:53:33,965 - greedy - INFO - [number of common perspective generated]: 0
2024-10-26 13:53:33,965 - greedy - INFO - [number of all iterations used when generating common perspectives]: 0
2024-10-26 13:53:33,965 - greedy - INFO - [number of max iterations used when generating common perspectives]: 0
2024-10-26 13:53:33,966 - greedy - INFO - [number of average iterations used when generating common perspectives]: 0
2024-10-26 13:53:33,966 - greedy - INFO - [number of averaged unfiltered branching factors]: 7.545454545454546
2024-10-26 13:53:33,966 - greedy - INFO - [number of max unfiltered branching factors]: 18
2024-10-26 13:53:33,967 - instance_runner - INFO - initialization time: 0:00:00.003063
2024-10-26 13:53:33,967 - instance_runner - INFO - search time: 0:00:00.195121
