2024-10-26 13:53:33,680 - instance_runner - INFO - parser domain and problem
2024-10-26 13:53:33,680 - instance_runner - INFO - new_syntax/grapevine/domain.pddl
2024-10-26 13:53:33,680 - instance_runner - INFO - new_syntax/grapevine/problem02_4ag_2g_2d.pddl
2024-10-26 13:53:33,680 - pddl_parser - INFO - Reading domain file
2024-10-26 13:53:33,680 - pddl_parser - INFO - new_syntax/grapevine/domain.pddl
2024-10-26 13:53:33,681 - pddl_parser - INFO - Parsing domain file
2024-10-26 13:53:33,682 - pddl_parser - INFO - Reading problem file
2024-10-26 13:53:33,682 - pddl_parser - INFO - new_syntax/grapevine/problem02_4ag_2g_2d.pddl
2024-10-26 13:53:33,682 - pddl_parser - INFO - Parsing problem file
2024-10-26 13:53:33,683 - instance_runner - INFO - loading external function: new_syntax/grapevine/grapevine.py
2024-10-26 13:53:33,683 - instance_runner - INFO - finish loading external function
2024-10-26 13:53:33,683 - instance_runner - INFO - Initialize problem
2024-10-26 13:53:33,683 - epistemic_model - INFO - initialize epistemic model
2024-10-26 13:53:33,683 - instance_runner - INFO - starting search
2024-10-26 13:53:33,683 - greedy - INFO - starting searching using [greedy]
2024-10-26 13:53:33,764 - greedy - INFO - plan is: ['lying_own_secret a as', 'quiet as', 'move_right b', 'sharing_own_secret a as']
2024-10-26 13:53:33,764 - greedy - INFO - Goal found
2024-10-26 13:53:33,764 - greedy - INFO - [number of node pruned_by_unknown]: 0
2024-10-26 13:53:33,764 - greedy - INFO - [number of node pruned_by_visited]: 1
2024-10-26 13:53:33,764 - greedy - INFO - [number of node pruned]: 1
2024-10-26 13:53:33,764 - greedy - INFO - [number of node goal_checked]: 78
2024-10-26 13:53:33,764 - greedy - INFO - [number of node expansion]: 10
2024-10-26 13:53:33,764 - greedy - INFO - [number of node generated]: 78
2024-10-26 13:53:33,764 - greedy - INFO - [number of epistemic formulas evaluation: 95]
2024-10-26 13:53:33,764 - greedy - INFO - [time in epistemic formulas evaluation: 0:00:00.068571]
2024-10-26 13:53:33,765 - greedy - INFO - [avg time in epistemic formulas evaluation: 0.7218]
2024-10-26 13:53:33,765 - greedy - INFO - [total_goal_size: 2]
2024-10-26 13:53:33,765 - greedy - INFO - [ontic_goal_size: 0]
2024-10-26 13:53:33,765 - greedy - INFO - [epistemic_goal_size: 2]
2024-10-26 13:53:33,765 - greedy - INFO - [ontic_goals: []]
2024-10-26 13:53:33,765 - greedy - INFO - [epistemic_goals: ['(= (@ep ("+ b [c]") (= (shared_value as) \'t\')) ep.true)', '(= (@ep ("+ b [b] + b [c]") (= (shared_value as) \'f\')) ep.true)']]
2024-10-26 13:53:33,765 - greedy - INFO - [goals: ['(= (@ep ("+ b [c]") (= (shared_value as) \'t\')) ep.true)', '(= (@ep ("+ b [b] + b [c]") (= (shared_value as) \'f\')) ep.true)']]
2024-10-26 13:53:33,765 - greedy - INFO - [epistemic_call_time_max: 2.198]
2024-10-26 13:53:33,765 - greedy - INFO - [functions: 37]
2024-10-26 13:53:33,765 - greedy - INFO - [number of common perspective generated]: 0
2024-10-26 13:53:33,765 - greedy - INFO - [number of all iterations used when generating common perspectives]: 0
2024-10-26 13:53:33,765 - greedy - INFO - [number of max iterations used when generating common perspectives]: 0
2024-10-26 13:53:33,765 - greedy - INFO - [number of average iterations used when generating common perspectives]: 0
2024-10-26 13:53:33,765 - greedy - INFO - [number of averaged unfiltered branching factors]: 7.7
2024-10-26 13:53:33,765 - greedy - INFO - [number of max unfiltered branching factors]: 15
2024-10-26 13:53:33,765 - instance_runner - INFO - initialization time: 0:00:00.003081
2024-10-26 13:53:33,765 - instance_runner - INFO - search time: 0:00:00.082277
