2024-10-26 14:03:46,146 - instance_runner - INFO - parser domain and problem
2024-10-26 14:03:46,146 - instance_runner - INFO - new_syntax/grapevine/domain.pddl
2024-10-26 14:03:46,146 - instance_runner - INFO - new_syntax/grapevine/problem11_8ag_8g_1d.pddl
2024-10-26 14:03:46,146 - pddl_parser - INFO - Reading domain file
2024-10-26 14:03:46,146 - pddl_parser - INFO - new_syntax/grapevine/domain.pddl
2024-10-26 14:03:46,149 - pddl_parser - INFO - Parsing domain file
2024-10-26 14:03:46,152 - pddl_parser - INFO - Reading problem file
2024-10-26 14:03:46,153 - pddl_parser - INFO - new_syntax/grapevine/problem11_8ag_8g_1d.pddl
2024-10-26 14:03:46,158 - pddl_parser - INFO - Parsing problem file
2024-10-26 14:03:46,163 - instance_runner - INFO - loading external function: new_syntax/grapevine/grapevine.py
2024-10-26 14:03:46,163 - instance_runner - INFO - finish loading external function
2024-10-26 14:03:46,164 - instance_runner - INFO - Initialize problem
2024-10-26 14:03:46,164 - epistemic_model - INFO - initialize epistemic model
2024-10-26 14:03:46,164 - instance_runner - INFO - starting search
2024-10-26 14:03:46,165 - greedy - INFO - starting searching using [greedy]
2024-10-26 14:03:53,607 - greedy - INFO - plan is: ['lying_own_secret a as', 'quiet as', 'lying_own_secret b bs', 'quiet bs', 'lying_own_secret c cs', 'quiet cs', 'lying_own_secret d ds', 'quiet ds', 'move_right a', 'sharing_own_secret b bs', 'quiet bs', 'move_right b', 'sharing_own_secret a as', 'quiet as', 'sharing_own_secret c cs', 'quiet cs', 'move_right d', 'sharing_own_secret d ds']
2024-10-26 14:03:53,607 - greedy - INFO - Goal found
2024-10-26 14:03:53,608 - greedy - INFO - [number of node pruned_by_unknown]: 0
2024-10-26 14:03:53,608 - greedy - INFO - [number of node pruned_by_visited]: 1
2024-10-26 14:03:53,608 - greedy - INFO - [number of node pruned]: 1
2024-10-26 14:03:53,608 - greedy - INFO - [number of node goal_checked]: 807
2024-10-26 14:03:53,608 - greedy - INFO - [number of node expansion]: 60
2024-10-26 14:03:53,608 - greedy - INFO - [number of node generated]: 807
2024-10-26 14:03:53,608 - greedy - INFO - [number of epistemic formulas evaluation: 1201]
2024-10-26 14:03:53,608 - greedy - INFO - [time in epistemic formulas evaluation: 0:00:07.276009]
2024-10-26 14:03:53,608 - greedy - INFO - [avg time in epistemic formulas evaluation: 6.0582922564529555]
2024-10-26 14:03:53,608 - greedy - INFO - [total_goal_size: 8]
2024-10-26 14:03:53,608 - greedy - INFO - [ontic_goal_size: 0]
2024-10-26 14:03:53,608 - greedy - INFO - [epistemic_goal_size: 8]
2024-10-26 14:03:53,608 - greedy - INFO - [ontic_goals: []]
2024-10-26 14:03:53,608 - greedy - INFO - [epistemic_goals: ['(= (@ep ("+ b [a]") (= (shared_value bs) \'f\')) ep.true)', '(= (@ep ("+ b [a]") (= (shared_value ds) \'t\')) ep.true)', '(= (@ep ("+ b [b]") (= (shared_value cs) \'f\')) ep.true)', '(= (@ep ("+ b [b]") (= (shared_value as) \'t\')) ep.true)', '(= (@ep ("+ b [c]") (= (shared_value ds) \'f\')) ep.true)', '(= (@ep ("+ b [c]") (= (shared_value bs) \'t\')) ep.true)', '(= (@ep ("+ b [d]") (= (shared_value as) \'f\')) ep.true)', '(= (@ep ("+ b [d]") (= (shared_value cs) \'t\')) ep.true)']]
2024-10-26 14:03:53,608 - greedy - INFO - [goals: ['(= (@ep ("+ b [a]") (= (shared_value bs) \'f\')) ep.true)', '(= (@ep ("+ b [a]") (= (shared_value ds) \'t\')) ep.true)', '(= (@ep ("+ b [b]") (= (shared_value cs) \'f\')) ep.true)', '(= (@ep ("+ b [b]") (= (shared_value as) \'t\')) ep.true)', '(= (@ep ("+ b [c]") (= (shared_value ds) \'f\')) ep.true)', '(= (@ep ("+ b [c]") (= (shared_value bs) \'t\')) ep.true)', '(= (@ep ("+ b [d]") (= (shared_value as) \'f\')) ep.true)', '(= (@ep ("+ b [d]") (= (shared_value cs) \'t\')) ep.true)']]
2024-10-26 14:03:53,608 - greedy - INFO - [epistemic_call_time_max: 45.928999999999995]
2024-10-26 14:03:53,608 - greedy - INFO - [functions: 105]
2024-10-26 14:03:53,608 - greedy - INFO - [number of common perspective generated]: 0
2024-10-26 14:03:53,608 - greedy - INFO - [number of all iterations used when generating common perspectives]: 0
2024-10-26 14:03:53,608 - greedy - INFO - [number of max iterations used when generating common perspectives]: 0
2024-10-26 14:03:53,608 - greedy - INFO - [number of average iterations used when generating common perspectives]: 0
2024-10-26 14:03:53,608 - greedy - INFO - [number of averaged unfiltered branching factors]: 13.433333333333334
2024-10-26 14:03:53,608 - greedy - INFO - [number of max unfiltered branching factors]: 52
2024-10-26 14:03:53,644 - instance_runner - INFO - initialization time: 0:00:00.019792
2024-10-26 14:03:53,644 - instance_runner - INFO - search time: 0:00:07.479563
