2024-10-26 13:59:39,919 - instance_runner - INFO - parser domain and problem
2024-10-26 13:59:39,919 - instance_runner - INFO - new_syntax/grapevine/domain.pddl
2024-10-26 13:59:39,919 - instance_runner - INFO - new_syntax/grapevine/problem05_4ag_8g_1d.pddl
2024-10-26 13:59:39,919 - pddl_parser - INFO - Reading domain file
2024-10-26 13:59:39,919 - pddl_parser - INFO - new_syntax/grapevine/domain.pddl
2024-10-26 13:59:39,922 - pddl_parser - INFO - Parsing domain file
2024-10-26 13:59:39,926 - pddl_parser - INFO - Reading problem file
2024-10-26 13:59:39,926 - pddl_parser - INFO - new_syntax/grapevine/problem05_4ag_8g_1d.pddl
2024-10-26 13:59:39,930 - pddl_parser - INFO - Parsing problem file
2024-10-26 13:59:39,933 - instance_runner - INFO - loading external function: new_syntax/grapevine/grapevine.py
2024-10-26 13:59:39,933 - instance_runner - INFO - finish loading external function
2024-10-26 13:59:39,933 - instance_runner - INFO - Initialize problem
2024-10-26 13:59:39,934 - epistemic_model - INFO - initialize epistemic model
2024-10-26 13:59:39,934 - instance_runner - INFO - starting search
2024-10-26 13:59:39,935 - greedy - INFO - starting searching using [greedy]
2024-10-26 13:59:41,363 - greedy - INFO - plan is: ['lying_own_secret a as', 'quiet as', 'lying_own_secret b bs', 'quiet bs', 'lying_own_secret c cs', 'quiet cs', 'lying_own_secret d ds', 'quiet ds', 'move_right a', 'sharing_own_secret b bs', 'quiet bs', 'move_right b', 'sharing_own_secret a as', 'quiet as', 'sharing_own_secret c cs', 'quiet cs', 'move_right d', 'sharing_own_secret d ds']
2024-10-26 13:59:41,363 - greedy - INFO - Goal found
2024-10-26 13:59:41,363 - greedy - INFO - [number of node pruned_by_unknown]: 0
2024-10-26 13:59:41,363 - greedy - INFO - [number of node pruned_by_visited]: 1
2024-10-26 13:59:41,363 - greedy - INFO - [number of node pruned]: 1
2024-10-26 13:59:41,363 - greedy - INFO - [number of node goal_checked]: 387
2024-10-26 13:59:41,363 - greedy - INFO - [number of node expansion]: 48
2024-10-26 13:59:41,363 - greedy - INFO - [number of node generated]: 387
2024-10-26 13:59:41,363 - greedy - INFO - [number of epistemic formulas evaluation: 565]
2024-10-26 13:59:41,363 - greedy - INFO - [time in epistemic formulas evaluation: 0:00:01.372922]
2024-10-26 13:59:41,363 - greedy - INFO - [avg time in epistemic formulas evaluation: 2.429950442477876]
2024-10-26 13:59:41,363 - greedy - INFO - [total_goal_size: 8]
2024-10-26 13:59:41,363 - greedy - INFO - [ontic_goal_size: 0]
2024-10-26 13:59:41,363 - greedy - INFO - [epistemic_goal_size: 8]
2024-10-26 13:59:41,363 - greedy - INFO - [ontic_goals: []]
2024-10-26 13:59:41,364 - greedy - INFO - [epistemic_goals: ['(= (@ep ("+ b [a]") (= (shared_value bs) \'f\')) ep.true)', '(= (@ep ("+ b [a]") (= (shared_value ds) \'t\')) ep.true)', '(= (@ep ("+ b [b]") (= (shared_value cs) \'f\')) ep.true)', '(= (@ep ("+ b [b]") (= (shared_value as) \'t\')) ep.true)', '(= (@ep ("+ b [c]") (= (shared_value ds) \'f\')) ep.true)', '(= (@ep ("+ b [c]") (= (shared_value bs) \'t\')) ep.true)', '(= (@ep ("+ b [d]") (= (shared_value as) \'f\')) ep.true)', '(= (@ep ("+ b [d]") (= (shared_value cs) \'t\')) ep.true)']]
2024-10-26 13:59:41,364 - greedy - INFO - [goals: ['(= (@ep ("+ b [a]") (= (shared_value bs) \'f\')) ep.true)', '(= (@ep ("+ b [a]") (= (shared_value ds) \'t\')) ep.true)', '(= (@ep ("+ b [b]") (= (shared_value cs) \'f\')) ep.true)', '(= (@ep ("+ b [b]") (= (shared_value as) \'t\')) ep.true)', '(= (@ep ("+ b [c]") (= (shared_value ds) \'f\')) ep.true)', '(= (@ep ("+ b [c]") (= (shared_value bs) \'t\')) ep.true)', '(= (@ep ("+ b [d]") (= (shared_value as) \'f\')) ep.true)', '(= (@ep ("+ b [d]") (= (shared_value cs) \'t\')) ep.true)']]
2024-10-26 13:59:41,364 - greedy - INFO - [epistemic_call_time_max: 9.337]
2024-10-26 13:59:41,364 - greedy - INFO - [functions: 37]
2024-10-26 13:59:41,364 - greedy - INFO - [number of common perspective generated]: 0
2024-10-26 13:59:41,364 - greedy - INFO - [number of all iterations used when generating common perspectives]: 0
2024-10-26 13:59:41,364 - greedy - INFO - [number of max iterations used when generating common perspectives]: 0
2024-10-26 13:59:41,364 - greedy - INFO - [number of average iterations used when generating common perspectives]: 0
2024-10-26 13:59:41,364 - greedy - INFO - [number of averaged unfiltered branching factors]: 8.041666666666666
2024-10-26 13:59:41,364 - greedy - INFO - [number of max unfiltered branching factors]: 24
2024-10-26 13:59:41,373 - instance_runner - INFO - initialization time: 0:00:00.016700
2024-10-26 13:59:41,373 - instance_runner - INFO - search time: 0:00:01.438462
