2024-10-26 13:53:33,971 - instance_runner - INFO - parser domain and problem
2024-10-26 13:53:33,971 - instance_runner - INFO - new_syntax/grapevine/domain.pddl
2024-10-26 13:53:33,971 - instance_runner - INFO - new_syntax/grapevine/problem04_4ag_4g_2d.pddl
2024-10-26 13:53:33,971 - pddl_parser - INFO - Reading domain file
2024-10-26 13:53:33,971 - pddl_parser - INFO - new_syntax/grapevine/domain.pddl
2024-10-26 13:53:33,971 - pddl_parser - INFO - Parsing domain file
2024-10-26 13:53:33,972 - pddl_parser - INFO - Reading problem file
2024-10-26 13:53:33,972 - pddl_parser - INFO - new_syntax/grapevine/problem04_4ag_4g_2d.pddl
2024-10-26 13:53:33,973 - pddl_parser - INFO - Parsing problem file
2024-10-26 13:53:33,973 - instance_runner - INFO - loading external function: new_syntax/grapevine/grapevine.py
2024-10-26 13:53:33,974 - instance_runner - INFO - finish loading external function
2024-10-26 13:53:33,974 - instance_runner - INFO - Initialize problem
2024-10-26 13:53:33,974 - epistemic_model - INFO - initialize epistemic model
2024-10-26 13:53:33,974 - instance_runner - INFO - starting search
2024-10-26 13:53:33,974 - greedy - INFO - starting searching using [greedy]
2024-10-26 13:59:26,286 - greedy - INFO - Problem cannot be solved in the given memory (8192MB).
2024-10-26 13:59:26,289 - greedy - INFO - [number of node pruned_by_unknown]: 0
2024-10-26 13:59:26,289 - greedy - INFO - [number of node pruned_by_visited]: 19082
2024-10-26 13:59:26,289 - greedy - INFO - [number of node pruned]: 19082
2024-10-26 13:59:26,289 - greedy - INFO - [number of node goal_checked]: 90512
2024-10-26 13:59:26,289 - greedy - INFO - [number of node expansion]: 12379
2024-10-26 13:59:26,289 - greedy - INFO - [number of node generated]: 90512
2024-10-26 13:59:26,289 - greedy - INFO - [number of epistemic formulas evaluation: 128378]
2024-10-26 13:59:26,290 - greedy - INFO - [time in epistemic formulas evaluation: 0:05:11.308740]
2024-10-26 13:59:26,290 - greedy - INFO - [avg time in epistemic formulas evaluation: 2.424938385081556]
2024-10-26 13:59:26,290 - greedy - INFO - [total_goal_size: 4]
2024-10-26 13:59:26,290 - greedy - INFO - [ontic_goal_size: 0]
2024-10-26 13:59:26,290 - greedy - INFO - [epistemic_goal_size: 4]
2024-10-26 13:59:26,290 - greedy - INFO - [ontic_goals: []]
2024-10-26 13:59:26,290 - greedy - INFO - [epistemic_goals: ['(= (@ep ("+ b [b] + b [c]") (= (shared_value as) \'f\')) ep.true)', '(= (@ep ("+ b [c]") (= (shared_value as) \'t\')) ep.true)', '(= (@ep ("+ b [d] + b [c]") (= (shared_value as) \'t\')) ep.true)', '(= (@ep ("+ b [b]") (= (shared_value as) \'t\')) ep.true)']]
2024-10-26 13:59:26,290 - greedy - INFO - [goals: ['(= (@ep ("+ b [b] + b [c]") (= (shared_value as) \'f\')) ep.true)', '(= (@ep ("+ b [c]") (= (shared_value as) \'t\')) ep.true)', '(= (@ep ("+ b [d] + b [c]") (= (shared_value as) \'t\')) ep.true)', '(= (@ep ("+ b [b]") (= (shared_value as) \'t\')) ep.true)']]
2024-10-26 13:59:26,290 - greedy - INFO - [epistemic_call_time_max: 3774.3410000000003]
2024-10-26 13:59:26,290 - greedy - INFO - [functions: 37]
2024-10-26 13:59:26,290 - greedy - INFO - [number of common perspective generated]: 0
2024-10-26 13:59:26,290 - greedy - INFO - [number of all iterations used when generating common perspectives]: 0
2024-10-26 13:59:26,290 - greedy - INFO - [number of max iterations used when generating common perspectives]: 0
2024-10-26 13:59:26,290 - greedy - INFO - [number of average iterations used when generating common perspectives]: 0
2024-10-26 13:59:26,291 - greedy - INFO - [number of averaged unfiltered branching factors]: 7.3116568381937155
2024-10-26 13:59:26,291 - greedy - INFO - [number of max unfiltered branching factors]: 24
2024-10-26 13:59:28,152 - instance_runner - INFO - initialization time: 0:00:00.003112
2024-10-26 13:59:28,153 - instance_runner - INFO - search time: 0:05:54.177422
